{"meta": {"format": 3, "version": "7.6.1", "timestamp": "2025-11-24T20:03:09.371088", "branch_coverage": false, "show_contexts": false}, "files": {"auth\\__init__.py": {"executed_lines": [1], "summary": {"covered_lines": 0, "num_statements": 0, "percent_covered": 100.0, "percent_covered_display": "100", "missing_lines": 0, "excluded_lines": 0}, "missing_lines": [], "excluded_lines": [], "functions": {"": {"executed_lines": [1], "summary": {"covered_lines": 0, "num_statements": 0, "percent_covered": 100.0, "percent_covered_display": "100", "missing_lines": 0, "excluded_lines": 0}, "missing_lines": [], "excluded_lines": []}}, "classes": {"": {"executed_lines": [1], "summary": {"covered_lines": 0, "num_statements": 0, "percent_covered": 100.0, "percent_covered_display": "100", "missing_lines": 0, "excluded_lines": 0}, "missing_lines": [], "excluded_lines": []}}}, "auth\\login_interface.py": {"executed_lines": [1, 5, 6, 7, 10, 11, 12, 13, 14, 15, 17, 19, 21, 23, 25, 28, 29, 33, 35, 37, 38, 39, 40, 41, 42, 43, 46, 47, 49, 50, 52, 53, 55, 56, 58, 59, 62, 65, 67, 68, 69, 74, 80, 83, 85, 86, 87, 89, 91, 92, 94, 96, 97, 98, 99, 100, 102, 104, 105, 107, 111, 113, 114, 116, 118, 119, 120, 121, 124, 132, 134, 138, 140, 141, 142, 143, 144, 145, 146, 147, 152, 158, 159, 161, 163, 168, 185, 186, 187, 192, 198], "summary": {"covered_lines": 88, "num_statements": 110, "percent_covered": 80.0, "percent_covered_display": "80", "missing_lines": 22, "excluded_lines": 0}, "missing_lines": [20, 22, 24, 63, 71, 72, 75, 76, 78, 81, 109, 122, 149, 150, 175, 179, 189, 190, 194, 195, 196, 199], "excluded_lines": [], "functions": {"PasswordProperties.__init__": {"executed_lines": [13, 14, 15], "summary": {"covered_lines": 3, "num_statements": 3, "percent_covered": 100.0, "percent_covered_display": "100", "missing_lines": 0, "excluded_lines": 0}, "missing_lines": [], "excluded_lines": []}, "PasswordProperties.validate": {"executed_lines": [19, 21, 23, 25], "summary": {"covered_lines": 4, "num_statements": 7, "percent_covered": 57.142857142857146, "percent_covered_display": "57", "missing_lines": 3, "excluded_lines": 0}, "missing_lines": [20, 22, 24], "excluded_lines": []}, "LoginInterface.__init__": {"executed_lines": [37, 38, 39, 40, 41, 42, 43], "summary": {"covered_lines": 7, "num_statements": 7, "percent_covered": 100.0, "percent_covered_display": "100", "missing_lines": 0, "excluded_lines": 0}, "missing_lines": [], "excluded_lines": []}, "LoginInterface.get_username": {"executed_lines": [47], "summary": {"covered_lines": 1, "num_statements": 1, "percent_covered": 100.0, "percent_covered_display": "100", "missing_lines": 0, "excluded_lines": 0}, "missing_lines": [], "excluded_lines": []}, "LoginInterface.get_password": {"executed_lines": [50], "summary": {"covered_lines": 1, "num_statements": 1, "percent_covered": 100.0, "percent_covered_display": "100", "missing_lines": 0, "excluded_lines": 0}, "missing_lines": [], "excluded_lines": []}, "LoginInterface.get_user_interface": {"executed_lines": [53], "summary": {"covered_lines": 1, "num_statements": 1, "percent_covered": 100.0, "percent_covered_display": "100", "missing_lines": 0, "excluded_lines": 0}, "missing_lines": [], "excluded_lines": []}, "LoginInterface.get_access_level": {"executed_lines": [56], "summary": {"covered_lines": 1, "num_statements": 1, "percent_covered": 100.0, "percent_covered_display": "100", "missing_lines": 0, "excluded_lines": 0}, "missing_lines": [], "excluded_lines": []}, "LoginInterface.get_number_of_tries": {"executed_lines": [59], "summary": {"covered_lines": 1, "num_statements": 1, "percent_covered": 100.0, "percent_covered_display": "100", "missing_lines": 0, "excluded_lines": 0}, "missing_lines": [], "excluded_lines": []}, "LoginInterface.set_username": {"executed_lines": [], "summary": {"covered_lines": 0, "num_statements": 1, "percent_covered": 0.0, "percent_covered_display": "0", "missing_lines": 1, "excluded_lines": 0}, "missing_lines": [63], "excluded_lines": []}, "LoginInterface.set_password": {"executed_lines": [67, 68, 69], "summary": {"covered_lines": 3, "num_statements": 5, "percent_covered": 60.0, "percent_covered_display": "60", "missing_lines": 2, "excluded_lines": 0}, "missing_lines": [71, 72], "excluded_lines": []}, "LoginInterface.set_user_interface": {"executed_lines": [], "summary": {"covered_lines": 0, "num_statements": 3, "percent_covered": 0.0, "percent_covered_display": "0", "missing_lines": 3, "excluded_lines": 0}, "missing_lines": [75, 76, 78], "excluded_lines": []}, "LoginInterface.set_access_level": {"executed_lines": [], "summary": {"covered_lines": 0, "num_statements": 1, "percent_covered": 0.0, "percent_covered_display": "0", "missing_lines": 1, "excluded_lines": 0}, "missing_lines": [81], "excluded_lines": []}, "LoginInterface.increment_tries": {"executed_lines": [85, 86, 87], "summary": {"covered_lines": 3, "num_statements": 3, "percent_covered": 100.0, "percent_covered_display": "100", "missing_lines": 0, "excluded_lines": 0}, "missing_lines": [], "excluded_lines": []}, "LoginInterface.reset_tries": {"executed_lines": [91, 92], "summary": {"covered_lines": 2, "num_statements": 2, "percent_covered": 100.0, "percent_covered_display": "100", "missing_lines": 0, "excluded_lines": 0}, "missing_lines": [], "excluded_lines": []}, "LoginInterface._lock_account": {"executed_lines": [96, 97, 98, 99, 100], "summary": {"covered_lines": 5, "num_statements": 5, "percent_covered": 100.0, "percent_covered_display": "100", "missing_lines": 0, "excluded_lines": 0}, "missing_lines": [], "excluded_lines": []}, "LoginInterface._unlock_account": {"executed_lines": [104, 105], "summary": {"covered_lines": 2, "num_statements": 2, "percent_covered": 100.0, "percent_covered_display": "100", "missing_lines": 0, "excluded_lines": 0}, "missing_lines": [], "excluded_lines": []}, "LoginInterface.lock": {"executed_lines": [], "summary": {"covered_lines": 0, "num_statements": 1, "percent_covered": 0.0, "percent_covered_display": "0", "missing_lines": 1, "excluded_lines": 0}, "missing_lines": [109], "excluded_lines": []}, "LoginInterface.unlock": {"executed_lines": [113, 114], "summary": {"covered_lines": 2, "num_statements": 2, "percent_covered": 100.0, "percent_covered_display": "100", "missing_lines": 0, "excluded_lines": 0}, "missing_lines": [], "excluded_lines": []}, "LoginInterface.is_locked": {"executed_lines": [118, 119, 120, 121], "summary": {"covered_lines": 4, "num_statements": 5, "percent_covered": 80.0, "percent_covered_display": "80", "missing_lines": 1, "excluded_lines": 0}, "missing_lines": [122], "excluded_lines": []}, "LoginInterface.load": {"executed_lines": [132, 134, 138, 140, 141, 142, 143, 144, 145, 146, 147], "summary": {"covered_lines": 11, "num_statements": 13, "percent_covered": 84.61538461538461, "percent_covered_display": "85", "missing_lines": 2, "excluded_lines": 0}, "missing_lines": [149, 150], "excluded_lines": []}, "LoginInterface.save": {"executed_lines": [158, 159, 161, 163, 168, 185, 186, 187], "summary": {"covered_lines": 8, "num_statements": 12, "percent_covered": 66.66666666666667, "percent_covered_display": "67", "missing_lines": 4, "excluded_lines": 0}, "missing_lines": [175, 179, 189, 190], "excluded_lines": []}, "LoginInterface.delete": {"executed_lines": [], "summary": {"covered_lines": 0, "num_statements": 3, "percent_covered": 0.0, "percent_covered_display": "0", "missing_lines": 3, "excluded_lines": 0}, "missing_lines": [194, 195, 196], "excluded_lines": []}, "LoginInterface.__repr__": {"executed_lines": [], "summary": {"covered_lines": 0, "num_statements": 1, "percent_covered": 0.0, "percent_covered_display": "0", "missing_lines": 1, "excluded_lines": 0}, "missing_lines": [199], "excluded_lines": []}, "": {"executed_lines": [1, 5, 6, 7, 10, 11, 12, 17, 28, 29, 33, 35, 46, 49, 52, 55, 58, 62, 65, 74, 80, 83, 89, 94, 102, 107, 111, 116, 124, 152, 192, 198], "summary": {"covered_lines": 29, "num_statements": 29, "percent_covered": 100.0, "percent_covered_display": "100", "missing_lines": 0, "excluded_lines": 0}, "missing_lines": [], "excluded_lines": []}}, "classes": {"PasswordProperties": {"executed_lines": [13, 14, 15, 19, 21, 23, 25], "summary": {"covered_lines": 7, "num_statements": 10, "percent_covered": 70.0, "percent_covered_display": "70", "missing_lines": 3, "excluded_lines": 0}, "missing_lines": [20, 22, 24], "excluded_lines": []}, "LoginInterface": {"executed_lines": [37, 38, 39, 40, 41, 42, 43, 47, 50, 53, 56, 59, 67, 68, 69, 85, 86, 87, 91, 92, 96, 97, 98, 99, 100, 104, 105, 113, 114, 118, 119, 120, 121, 132, 134, 138, 140, 141, 142, 143, 144, 145, 146, 147, 158, 159, 161, 163, 168, 185, 186, 187], "summary": {"covered_lines": 52, "num_statements": 71, "percent_covered": 73.2394366197183, "percent_covered_display": "73", "missing_lines": 19, "excluded_lines": 0}, "missing_lines": [63, 71, 72, 75, 76, 78, 81, 109, 122, 149, 150, 175, 179, 189, 190, 194, 195, 196, 199], "excluded_lines": []}, "": {"executed_lines": [1, 5, 6, 7, 10, 11, 12, 17, 28, 29, 33, 35, 46, 49, 52, 55, 58, 62, 65, 74, 80, 83, 89, 94, 102, 107, 111, 116, 124, 152, 192, 198], "summary": {"covered_lines": 29, "num_statements": 29, "percent_covered": 100.0, "percent_covered_display": "100", "missing_lines": 0, "excluded_lines": 0}, "missing_lines": [], "excluded_lines": []}}}, "auth\\login_manager.py": {"executed_lines": [1, 5, 6, 7, 10, 11, 16, 17, 18, 19, 21, 32, 40, 43, 45, 54, 56, 58, 60, 62, 64, 65, 74, 75, 87, 89, 90, 92, 93, 95, 96, 104, 105, 106, 108, 112, 115, 116, 119, 120, 121, 122, 124, 132, 140, 142, 143, 144, 145, 149, 156, 157, 159, 176, 185, 186, 191, 193, 194, 197, 204, 209, 212, 213, 214, 222, 223, 224, 232, 241, 246, 248, 249, 250, 265, 271, 278, 279, 284, 290, 298, 306, 307, 314, 322, 323, 335, 343, 345, 347, 349, 351, 353, 382, 390, 393, 395, 402, 403, 404, 405, 414, 416, 418, 424, 427, 428, 431, 432, 433, 440, 447, 517, 525, 526, 529, 530, 537, 539, 540, 541, 544, 545, 546, 547, 549, 551, 552, 553, 559, 560, 574], "summary": {"covered_lines": 130, "num_statements": 184, "percent_covered": 70.65217391304348, "percent_covered_display": "71", "missing_lines": 54, "excluded_lines": 0}, "missing_lines": [29, 30, 46, 47, 78, 79, 147, 177, 178, 233, 234, 257, 258, 272, 299, 315, 329, 363, 366, 367, 368, 371, 372, 375, 376, 377, 379, 380, 396, 455, 458, 460, 461, 467, 468, 469, 470, 479, 481, 482, 487, 494, 497, 498, 501, 502, 503, 510, 532, 566, 567, 569, 575, 576], "excluded_lines": [], "functions": {"LoginManager.__init__": {"executed_lines": [17, 18, 19], "summary": {"covered_lines": 3, "num_statements": 3, "percent_covered": 100.0, "percent_covered_display": "100", "missing_lines": 0, "excluded_lines": 0}, "missing_lines": [], "excluded_lines": []}, "LoginManager.login": {"executed_lines": [], "summary": {"covered_lines": 0, "num_statements": 2, "percent_covered": 0.0, "percent_covered_display": "0", "missing_lines": 2, "excluded_lines": 0}, "missing_lines": [29, 30], "excluded_lines": []}, "LoginManager.login_with_details": {"executed_lines": [40, 43, 45, 54, 56, 58, 60, 62, 64, 65, 74, 75, 87, 89, 90, 92, 93, 95, 96, 104, 105, 106, 108, 112, 115, 116, 119, 120, 121, 122, 124, 132], "summary": {"covered_lines": 32, "num_statements": 36, "percent_covered": 88.88888888888889, "percent_covered_display": "89", "missing_lines": 4, "excluded_lines": 0}, "missing_lines": [46, 47, 78, 79], "excluded_lines": []}, "LoginManager.logout": {"executed_lines": [142, 143, 144, 145], "summary": {"covered_lines": 4, "num_statements": 5, "percent_covered": 80.0, "percent_covered_display": "80", "missing_lines": 1, "excluded_lines": 0}, "missing_lines": [147], "excluded_lines": []}, "LoginManager.change_password": {"executed_lines": [156, 157], "summary": {"covered_lines": 2, "num_statements": 2, "percent_covered": 100.0, "percent_covered_display": "100", "missing_lines": 0, "excluded_lines": 0}, "missing_lines": [], "excluded_lines": []}, "LoginManager.change_password_with_details": {"executed_lines": [176, 185, 186, 191, 193, 194, 197, 204, 209, 212, 213, 214, 222, 223, 224, 232, 241, 246, 248, 249, 250], "summary": {"covered_lines": 21, "num_statements": 27, "percent_covered": 77.77777777777777, "percent_covered_display": "78", "missing_lines": 6, "excluded_lines": 0}, "missing_lines": [177, 178, 233, 234, 257, 258], "excluded_lines": []}, "LoginManager.validate_current_password": {"executed_lines": [271, 278, 279, 284], "summary": {"covered_lines": 4, "num_statements": 5, "percent_covered": 80.0, "percent_covered_display": "80", "missing_lines": 1, "excluded_lines": 0}, "missing_lines": [272], "excluded_lines": []}, "LoginManager.set_new_password": {"executed_lines": [298, 306, 307, 314, 322, 323], "summary": {"covered_lines": 6, "num_statements": 9, "percent_covered": 66.66666666666667, "percent_covered_display": "67", "missing_lines": 3, "excluded_lines": 0}, "missing_lines": [299, 315, 329], "excluded_lines": []}, "LoginManager.validate_credentials": {"executed_lines": [343], "summary": {"covered_lines": 1, "num_statements": 1, "percent_covered": 100.0, "percent_covered_display": "100", "missing_lines": 0, "excluded_lines": 0}, "missing_lines": [], "excluded_lines": []}, "LoginManager.get_current_user": {"executed_lines": [347], "summary": {"covered_lines": 1, "num_statements": 1, "percent_covered": 100.0, "percent_covered_display": "100", "missing_lines": 0, "excluded_lines": 0}, "missing_lines": [], "excluded_lines": []}, "LoginManager.is_user_authenticated": {"executed_lines": [351], "summary": {"covered_lines": 1, "num_statements": 1, "percent_covered": 100.0, "percent_covered_display": "100", "missing_lines": 0, "excluded_lines": 0}, "missing_lines": [], "excluded_lines": []}, "LoginManager.create_user": {"executed_lines": [], "summary": {"covered_lines": 0, "num_statements": 11, "percent_covered": 0.0, "percent_covered_display": "0", "missing_lines": 11, "excluded_lines": 0}, "missing_lines": [363, 366, 367, 368, 371, 372, 375, 376, 377, 379, 380], "excluded_lines": []}, "LoginManager.validate_first_password": {"executed_lines": [390, 393, 395, 402, 403, 404, 405, 414, 416, 418, 424, 427, 428, 431, 432, 433, 440], "summary": {"covered_lines": 17, "num_statements": 18, "percent_covered": 94.44444444444444, "percent_covered_display": "94", "missing_lines": 1, "excluded_lines": 0}, "missing_lines": [396], "excluded_lines": []}, "LoginManager.validate_second_password": {"executed_lines": [], "summary": {"covered_lines": 0, "num_statements": 19, "percent_covered": 0.0, "percent_covered_display": "0", "missing_lines": 19, "excluded_lines": 0}, "missing_lines": [455, 458, 460, 461, 467, 468, 469, 470, 479, 481, 482, 487, 494, 497, 498, 501, 502, 503, 510], "excluded_lines": []}, "LoginManager._check_and_unlock_if_time_passed": {"executed_lines": [525, 526, 529, 530, 537, 539, 540, 541, 544, 545, 546, 547, 549, 551, 552, 553, 559, 560], "summary": {"covered_lines": 18, "num_statements": 22, "percent_covered": 81.81818181818181, "percent_covered_display": "82", "missing_lines": 4, "excluded_lines": 0}, "missing_lines": [532, 566, 567, 569], "excluded_lines": []}, "LoginManager.__repr__": {"executed_lines": [], "summary": {"covered_lines": 0, "num_statements": 2, "percent_covered": 0.0, "percent_covered_display": "0", "missing_lines": 2, "excluded_lines": 0}, "missing_lines": [575, 576], "excluded_lines": []}, "": {"executed_lines": [1, 5, 6, 7, 10, 11, 16, 21, 32, 140, 149, 159, 265, 290, 335, 345, 349, 353, 382, 447, 517, 574], "summary": {"covered_lines": 20, "num_statements": 20, "percent_covered": 100.0, "percent_covered_display": "100", "missing_lines": 0, "excluded_lines": 0}, "missing_lines": [], "excluded_lines": []}}, "classes": {"LoginManager": {"executed_lines": [17, 18, 19, 40, 43, 45, 54, 56, 58, 60, 62, 64, 65, 74, 75, 87, 89, 90, 92, 93, 95, 96, 104, 105, 106, 108, 112, 115, 116, 119, 120, 121, 122, 124, 132, 142, 143, 144, 145, 156, 157, 176, 185, 186, 191, 193, 194, 197, 204, 209, 212, 213, 214, 222, 223, 224, 232, 241, 246, 248, 249, 250, 271, 278, 279, 284, 298, 306, 307, 314, 322, 323, 343, 347, 351, 390, 393, 395, 402, 403, 404, 405, 414, 416, 418, 424, 427, 428, 431, 432, 433, 440, 525, 526, 529, 530, 537, 539, 540, 541, 544, 545, 546, 547, 549, 551, 552, 553, 559, 560], "summary": {"covered_lines": 110, "num_statements": 164, "percent_covered": 67.07317073170732, "percent_covered_display": "67", "missing_lines": 54, "excluded_lines": 0}, "missing_lines": [29, 30, 46, 47, 78, 79, 147, 177, 178, 233, 234, 257, 258, 272, 299, 315, 329, 363, 366, 367, 368, 371, 372, 375, 376, 377, 379, 380, 396, 455, 458, 460, 461, 467, 468, 469, 470, 479, 481, 482, 487, 494, 497, 498, 501, 502, 503, 510, 532, 566, 567, 569, 575, 576], "excluded_lines": []}, "": {"executed_lines": [1, 5, 6, 7, 10, 11, 16, 21, 32, 140, 149, 159, 265, 290, 335, 345, 349, 353, 382, 447, 517, 574], "summary": {"covered_lines": 20, "num_statements": 20, "percent_covered": 100.0, "percent_covered_display": "100", "missing_lines": 0, "excluded_lines": 0}, "missing_lines": [], "excluded_lines": []}}}, "config\\__init__.py": {"executed_lines": [1], "summary": {"covered_lines": 0, "num_statements": 0, "percent_covered": 100.0, "percent_covered_display": "100", "missing_lines": 0, "excluded_lines": 0}, "missing_lines": [], "excluded_lines": [], "functions": {"": {"executed_lines": [1], "summary": {"covered_lines": 0, "num_statements": 0, "percent_covered": 100.0, "percent_covered_display": "100", "missing_lines": 0, "excluded_lines": 0}, "missing_lines": [], "excluded_lines": []}}, "classes": {"": {"executed_lines": [1], "summary": {"covered_lines": 0, "num_statements": 0, "percent_covered": 100.0, "percent_covered_display": "100", "missing_lines": 0, "excluded_lines": 0}, "missing_lines": [], "excluded_lines": []}}}, "config\\configuration_manager.py": {"executed_lines": [1, 6, 8, 9, 10, 18, 19, 20, 23, 24, 26, 27, 28, 29, 31, 35, 36, 38, 39, 40, 41, 43, 46, 49, 54, 55, 59, 60, 61, 62, 63, 64, 65, 66, 68, 73, 76, 79, 82, 84, 85, 87, 92, 94, 95, 97, 98, 99, 100, 105, 106, 108, 110, 111, 113, 114, 124, 130, 131, 133, 148, 179, 185, 186, 188, 189, 190, 191, 192, 193, 194, 199, 217, 222, 224, 227, 228, 229, 230, 232, 234, 235, 236, 237, 239, 240, 241, 242, 247, 249, 251, 255, 259, 263, 270, 277, 281, 283, 284, 286, 288, 289, 290, 292, 294, 295, 298, 299, 301, 302, 304, 305, 306, 308, 309, 310, 312, 314, 316, 317, 318, 319, 320, 321, 324], "summary": {"covered_lines": 121, "num_statements": 188, "percent_covered": 64.36170212765957, "percent_covered_display": "64", "missing_lines": 67, "excluded_lines": 0}, "missing_lines": [32, 44, 47, 50, 51, 89, 90, 115, 116, 121, 122, 139, 140, 141, 142, 143, 145, 146, 156, 157, 158, 159, 161, 162, 163, 164, 165, 167, 169, 170, 172, 173, 174, 176, 177, 196, 197, 205, 206, 208, 209, 210, 211, 212, 214, 215, 219, 220, 225, 226, 244, 245, 253, 257, 261, 265, 266, 267, 268, 272, 273, 274, 275, 282, 296, 322, 325], "excluded_lines": [], "functions": {"SafeHomeMode.__init__": {"executed_lines": [27, 28, 29], "summary": {"covered_lines": 3, "num_statements": 3, "percent_covered": 100.0, "percent_covered_display": "100", "missing_lines": 0, "excluded_lines": 0}, "missing_lines": [], "excluded_lines": []}, "SafeHomeMode.__repr__": {"executed_lines": [], "summary": {"covered_lines": 0, "num_statements": 1, "percent_covered": 0.0, "percent_covered_display": "0", "missing_lines": 1, "excluded_lines": 0}, "missing_lines": [32], "excluded_lines": []}, "SafetyZone.__init__": {"executed_lines": [39, 40, 41], "summary": {"covered_lines": 3, "num_statements": 3, "percent_covered": 100.0, "percent_covered_display": "100", "missing_lines": 0, "excluded_lines": 0}, "missing_lines": [], "excluded_lines": []}, "SafetyZone.arm": {"executed_lines": [], "summary": {"covered_lines": 0, "num_statements": 1, "percent_covered": 0.0, "percent_covered_display": "0", "missing_lines": 1, "excluded_lines": 0}, "missing_lines": [44], "excluded_lines": []}, "SafetyZone.disarm": {"executed_lines": [], "summary": {"covered_lines": 0, "num_statements": 1, "percent_covered": 0.0, "percent_covered_display": "0", "missing_lines": 1, "excluded_lines": 0}, "missing_lines": [47], "excluded_lines": []}, "SafetyZone.__repr__": {"executed_lines": [], "summary": {"covered_lines": 0, "num_statements": 2, "percent_covered": 0.0, "percent_covered_display": "0", "missing_lines": 2, "excluded_lines": 0}, "missing_lines": [50, 51], "excluded_lines": []}, "ConfigurationManager.__init__": {"executed_lines": [60, 61, 62, 63, 64, 65, 66], "summary": {"covered_lines": 7, "num_statements": 7, "percent_covered": 100.0, "percent_covered_display": "100", "missing_lines": 0, "excluded_lines": 0}, "missing_lines": [], "excluded_lines": []}, "ConfigurationManager.initialize_configuration": {"executed_lines": [73, 76, 79, 82, 84, 85], "summary": {"covered_lines": 6, "num_statements": 6, "percent_covered": 100.0, "percent_covered_display": "100", "missing_lines": 0, "excluded_lines": 0}, "missing_lines": [], "excluded_lines": []}, "ConfigurationManager.refresh_safety_zones": {"executed_lines": [], "summary": {"covered_lines": 0, "num_statements": 2, "percent_covered": 0.0, "percent_covered_display": "0", "missing_lines": 2, "excluded_lines": 0}, "missing_lines": [89, 90], "excluded_lines": []}, "ConfigurationManager._load_safehome_modes": {"executed_lines": [94, 95, 97, 98, 99, 100, 105, 106], "summary": {"covered_lines": 8, "num_statements": 8, "percent_covered": 100.0, "percent_covered_display": "100", "missing_lines": 0, "excluded_lines": 0}, "missing_lines": [], "excluded_lines": []}, "ConfigurationManager._load_safety_zones": {"executed_lines": [110, 111, 113, 114], "summary": {"covered_lines": 4, "num_statements": 8, "percent_covered": 50.0, "percent_covered_display": "50", "missing_lines": 4, "excluded_lines": 0}, "missing_lines": [115, 116, 121, 122], "excluded_lines": []}, "ConfigurationManager.update_system_settings": {"executed_lines": [130, 131], "summary": {"covered_lines": 2, "num_statements": 2, "percent_covered": 100.0, "percent_covered_display": "100", "missing_lines": 0, "excluded_lines": 0}, "missing_lines": [], "excluded_lines": []}, "ConfigurationManager.update_safehome_mode": {"executed_lines": [], "summary": {"covered_lines": 0, "num_statements": 7, "percent_covered": 0.0, "percent_covered_display": "0", "missing_lines": 7, "excluded_lines": 0}, "missing_lines": [139, 140, 141, 142, 143, 145, 146], "excluded_lines": []}, "ConfigurationManager.modify_safety_zone": {"executed_lines": [], "summary": {"covered_lines": 0, "num_statements": 17, "percent_covered": 0.0, "percent_covered_display": "0", "missing_lines": 17, "excluded_lines": 0}, "missing_lines": [156, 157, 158, 159, 161, 162, 163, 164, 165, 167, 169, 170, 172, 173, 174, 176, 177], "excluded_lines": []}, "ConfigurationManager.add_safety_zone": {"executed_lines": [185, 186, 188, 189, 190, 191, 192, 193, 194], "summary": {"covered_lines": 9, "num_statements": 11, "percent_covered": 81.81818181818181, "percent_covered_display": "82", "missing_lines": 2, "excluded_lines": 0}, "missing_lines": [196, 197], "excluded_lines": []}, "ConfigurationManager.delete_safety_zone": {"executed_lines": [], "summary": {"covered_lines": 0, "num_statements": 9, "percent_covered": 0.0, "percent_covered_display": "0", "missing_lines": 9, "excluded_lines": 0}, "missing_lines": [205, 206, 208, 209, 210, 211, 212, 214, 215], "excluded_lines": []}, "ConfigurationManager.list_sensor_assignments": {"executed_lines": [], "summary": {"covered_lines": 0, "num_statements": 2, "percent_covered": 0.0, "percent_covered_display": "0", "missing_lines": 2, "excluded_lines": 0}, "missing_lines": [219, 220], "excluded_lines": []}, "ConfigurationManager.assign_sensor_to_zone": {"executed_lines": [224, 227, 228, 229, 230], "summary": {"covered_lines": 5, "num_statements": 7, "percent_covered": 71.42857142857143, "percent_covered_display": "71", "missing_lines": 2, "excluded_lines": 0}, "missing_lines": [225, 226], "excluded_lines": []}, "ConfigurationManager.remove_sensor_assignment": {"executed_lines": [234, 235, 236, 237], "summary": {"covered_lines": 4, "num_statements": 4, "percent_covered": 100.0, "percent_covered_display": "100", "missing_lines": 0, "excluded_lines": 0}, "missing_lines": [], "excluded_lines": []}, "ConfigurationManager._zone_exists": {"executed_lines": [240, 241, 242], "summary": {"covered_lines": 3, "num_statements": 5, "percent_covered": 60.0, "percent_covered_display": "60", "missing_lines": 2, "excluded_lines": 0}, "missing_lines": [244, 245], "excluded_lines": []}, "ConfigurationManager.get_system_setting": {"executed_lines": [249], "summary": {"covered_lines": 1, "num_statements": 1, "percent_covered": 100.0, "percent_covered_display": "100", "missing_lines": 0, "excluded_lines": 0}, "missing_lines": [], "excluded_lines": []}, "ConfigurationManager.get_current_safehome_mode": {"executed_lines": [], "summary": {"covered_lines": 0, "num_statements": 1, "percent_covered": 0.0, "percent_covered_display": "0", "missing_lines": 1, "excluded_lines": 0}, "missing_lines": [253], "excluded_lines": []}, "ConfigurationManager.get_safehome_modes": {"executed_lines": [], "summary": {"covered_lines": 0, "num_statements": 1, "percent_covered": 0.0, "percent_covered_display": "0", "missing_lines": 1, "excluded_lines": 0}, "missing_lines": [257], "excluded_lines": []}, "ConfigurationManager.get_safety_zone_info": {"executed_lines": [], "summary": {"covered_lines": 0, "num_statements": 1, "percent_covered": 0.0, "percent_covered_display": "0", "missing_lines": 1, "excluded_lines": 0}, "missing_lines": [261], "excluded_lines": []}, "ConfigurationManager.get_safety_zone_by_id": {"executed_lines": [], "summary": {"covered_lines": 0, "num_statements": 4, "percent_covered": 0.0, "percent_covered_display": "0", "missing_lines": 4, "excluded_lines": 0}, "missing_lines": [265, 266, 267, 268], "excluded_lines": []}, "ConfigurationManager.get_zone_name_map": {"executed_lines": [], "summary": {"covered_lines": 0, "num_statements": 4, "percent_covered": 0.0, "percent_covered_display": "0", "missing_lines": 4, "excluded_lines": 0}, "missing_lines": [272, 273, 274, 275], "excluded_lines": []}, "ConfigurationManager.configure_security_system": {"executed_lines": [281, 283, 284], "summary": {"covered_lines": 3, "num_statements": 4, "percent_covered": 75.0, "percent_covered_display": "75", "missing_lines": 1, "excluded_lines": 0}, "missing_lines": [282], "excluded_lines": []}, "ConfigurationManager.reconfigure_security_system": {"executed_lines": [288, 289, 290], "summary": {"covered_lines": 3, "num_statements": 3, "percent_covered": 100.0, "percent_covered_display": "100", "missing_lines": 0, "excluded_lines": 0}, "missing_lines": [], "excluded_lines": []}, "ConfigurationManager._apply_security_configuration": {"executed_lines": [294, 295, 298, 299, 301, 302, 304, 305, 306, 308, 309, 310, 312], "summary": {"covered_lines": 13, "num_statements": 14, "percent_covered": 92.85714285714286, "percent_covered_display": "93", "missing_lines": 1, "excluded_lines": 0}, "missing_lines": [296], "excluded_lines": []}, "ConfigurationManager._map_device_type": {"executed_lines": [316, 317, 318, 319, 320, 321], "summary": {"covered_lines": 6, "num_statements": 7, "percent_covered": 85.71428571428571, "percent_covered_display": "86", "missing_lines": 1, "excluded_lines": 0}, "missing_lines": [322], "excluded_lines": []}, "ConfigurationManager.__repr__": {"executed_lines": [], "summary": {"covered_lines": 0, "num_statements": 1, "percent_covered": 0.0, "percent_covered_display": "0", "missing_lines": 1, "excluded_lines": 0}, "missing_lines": [325], "excluded_lines": []}, "": {"executed_lines": [1, 6, 8, 9, 10, 18, 19, 20, 23, 24, 26, 31, 35, 36, 38, 43, 46, 49, 54, 55, 59, 68, 87, 92, 108, 124, 133, 148, 179, 199, 217, 222, 232, 239, 247, 251, 255, 259, 263, 270, 277, 286, 292, 314, 324], "summary": {"covered_lines": 41, "num_statements": 41, "percent_covered": 100.0, "percent_covered_display": "100", "missing_lines": 0, "excluded_lines": 0}, "missing_lines": [], "excluded_lines": []}}, "classes": {"SafeHomeMode": {"executed_lines": [27, 28, 29], "summary": {"covered_lines": 3, "num_statements": 4, "percent_covered": 75.0, "percent_covered_display": "75", "missing_lines": 1, "excluded_lines": 0}, "missing_lines": [32], "excluded_lines": []}, "SafetyZone": {"executed_lines": [39, 40, 41], "summary": {"covered_lines": 3, "num_statements": 7, "percent_covered": 42.857142857142854, "percent_covered_display": "43", "missing_lines": 4, "excluded_lines": 0}, "missing_lines": [44, 47, 50, 51], "excluded_lines": []}, "ConfigurationManager": {"executed_lines": [60, 61, 62, 63, 64, 65, 66, 73, 76, 79, 82, 84, 85, 94, 95, 97, 98, 99, 100, 105, 106, 110, 111, 113, 114, 130, 131, 185, 186, 188, 189, 190, 191, 192, 193, 194, 224, 227, 228, 229, 230, 234, 235, 236, 237, 240, 241, 242, 249, 281, 283, 284, 288, 289, 290, 294, 295, 298, 299, 301, 302, 304, 305, 306, 308, 309, 310, 312, 316, 317, 318, 319, 320, 321], "summary": {"covered_lines": 74, "num_statements": 136, "percent_covered": 54.411764705882355, "percent_covered_display": "54", "missing_lines": 62, "excluded_lines": 0}, "missing_lines": [89, 90, 115, 116, 121, 122, 139, 140, 141, 142, 143, 145, 146, 156, 157, 158, 159, 161, 162, 163, 164, 165, 167, 169, 170, 172, 173, 174, 176, 177, 196, 197, 205, 206, 208, 209, 210, 211, 212, 214, 215, 219, 220, 225, 226, 244, 245, 253, 257, 261, 265, 266, 267, 268, 272, 273, 274, 275, 282, 296, 322, 325], "excluded_lines": []}, "": {"executed_lines": [1, 6, 8, 9, 10, 18, 19, 20, 23, 24, 26, 31, 35, 36, 38, 43, 46, 49, 54, 55, 59, 68, 87, 92, 108, 124, 133, 148, 179, 199, 217, 222, 232, 239, 247, 251, 255, 259, 263, 270, 277, 286, 292, 314, 324], "summary": {"covered_lines": 41, "num_statements": 41, "percent_covered": 100.0, "percent_covered_display": "100", "missing_lines": 0, "excluded_lines": 0}, "missing_lines": [], "excluded_lines": []}}}, "config\\system_settings.py": {"executed_lines": [1, 5, 6, 9, 10, 15, 16, 17, 18, 19, 20, 23, 24, 26, 27, 29, 30, 32, 33, 36, 38, 39, 43, 45, 46, 50, 52, 53, 57, 59, 60, 64, 68, 70, 71, 73, 76, 81, 88, 90, 91, 92, 93, 94, 95, 96, 97, 102, 109, 110, 112, 114, 135, 141, 142, 143, 148], "summary": {"covered_lines": 55, "num_statements": 65, "percent_covered": 84.61538461538461, "percent_covered_display": "85", "missing_lines": 10, "excluded_lines": 0}, "missing_lines": [41, 48, 55, 62, 99, 100, 129, 145, 146, 149], "excluded_lines": [], "functions": {"SystemSettings.__init__": {"executed_lines": [16, 17, 18, 19, 20], "summary": {"covered_lines": 5, "num_statements": 5, "percent_covered": 100.0, "percent_covered_display": "100", "missing_lines": 0, "excluded_lines": 0}, "missing_lines": [], "excluded_lines": []}, "SystemSettings.get_monitoring_service_phone": {"executed_lines": [24], "summary": {"covered_lines": 1, "num_statements": 1, "percent_covered": 100.0, "percent_covered_display": "100", "missing_lines": 0, "excluded_lines": 0}, "missing_lines": [], "excluded_lines": []}, "SystemSettings.get_homeowner_phone": {"executed_lines": [27], "summary": {"covered_lines": 1, "num_statements": 1, "percent_covered": 100.0, "percent_covered_display": "100", "missing_lines": 0, "excluded_lines": 0}, "missing_lines": [], "excluded_lines": []}, "SystemSettings.get_system_lock_time": {"executed_lines": [30], "summary": {"covered_lines": 1, "num_statements": 1, "percent_covered": 100.0, "percent_covered_display": "100", "missing_lines": 0, "excluded_lines": 0}, "missing_lines": [], "excluded_lines": []}, "SystemSettings.get_alarm_delay_time": {"executed_lines": [33], "summary": {"covered_lines": 1, "num_statements": 1, "percent_covered": 100.0, "percent_covered_display": "100", "missing_lines": 0, "excluded_lines": 0}, "missing_lines": [], "excluded_lines": []}, "SystemSettings.set_monitoring_service_phone": {"executed_lines": [38, 39], "summary": {"covered_lines": 2, "num_statements": 3, "percent_covered": 66.66666666666667, "percent_covered_display": "67", "missing_lines": 1, "excluded_lines": 0}, "missing_lines": [41], "excluded_lines": []}, "SystemSettings.set_homeowner_phone": {"executed_lines": [45, 46], "summary": {"covered_lines": 2, "num_statements": 3, "percent_covered": 66.66666666666667, "percent_covered_display": "67", "missing_lines": 1, "excluded_lines": 0}, "missing_lines": [48], "excluded_lines": []}, "SystemSettings.set_system_lock_time": {"executed_lines": [52, 53], "summary": {"covered_lines": 2, "num_statements": 3, "percent_covered": 66.66666666666667, "percent_covered_display": "67", "missing_lines": 1, "excluded_lines": 0}, "missing_lines": [55], "excluded_lines": []}, "SystemSettings.set_alarm_delay_time": {"executed_lines": [59, 60], "summary": {"covered_lines": 2, "num_statements": 3, "percent_covered": 66.66666666666667, "percent_covered_display": "67", "missing_lines": 1, "excluded_lines": 0}, "missing_lines": [62], "excluded_lines": []}, "SystemSettings._validate_phone": {"executed_lines": [68, 70, 71, 73], "summary": {"covered_lines": 4, "num_statements": 4, "percent_covered": 100.0, "percent_covered_display": "100", "missing_lines": 0, "excluded_lines": 0}, "missing_lines": [], "excluded_lines": []}, "SystemSettings.load": {"executed_lines": [81, 88, 90, 91, 92, 93, 94, 95, 96, 97], "summary": {"covered_lines": 10, "num_statements": 12, "percent_covered": 83.33333333333333, "percent_covered_display": "83", "missing_lines": 2, "excluded_lines": 0}, "missing_lines": [99, 100], "excluded_lines": []}, "SystemSettings.save": {"executed_lines": [109, 110, 112, 114, 135, 141, 142, 143], "summary": {"covered_lines": 8, "num_statements": 11, "percent_covered": 72.72727272727273, "percent_covered_display": "73", "missing_lines": 3, "excluded_lines": 0}, "missing_lines": [129, 145, 146], "excluded_lines": []}, "SystemSettings.__repr__": {"executed_lines": [], "summary": {"covered_lines": 0, "num_statements": 1, "percent_covered": 0.0, "percent_covered_display": "0", "missing_lines": 1, "excluded_lines": 0}, "missing_lines": [149], "excluded_lines": []}, "": {"executed_lines": [1, 5, 6, 9, 10, 15, 23, 26, 29, 32, 36, 43, 50, 57, 64, 76, 102, 148], "summary": {"covered_lines": 16, "num_statements": 16, "percent_covered": 100.0, "percent_covered_display": "100", "missing_lines": 0, "excluded_lines": 0}, "missing_lines": [], "excluded_lines": []}}, "classes": {"SystemSettings": {"executed_lines": [16, 17, 18, 19, 20, 24, 27, 30, 33, 38, 39, 45, 46, 52, 53, 59, 60, 68, 70, 71, 73, 81, 88, 90, 91, 92, 93, 94, 95, 96, 97, 109, 110, 112, 114, 135, 141, 142, 143], "summary": {"covered_lines": 39, "num_statements": 49, "percent_covered": 79.59183673469387, "percent_covered_display": "80", "missing_lines": 10, "excluded_lines": 0}, "missing_lines": [41, 48, 55, 62, 99, 100, 129, 145, 146, 149], "excluded_lines": []}, "": {"executed_lines": [1, 5, 6, 9, 10, 15, 23, 26, 29, 32, 36, 43, 50, 57, 64, 76, 102, 148], "summary": {"covered_lines": 16, "num_statements": 16, "percent_covered": 100.0, "percent_covered_display": "100", "missing_lines": 0, "excluded_lines": 0}, "missing_lines": [], "excluded_lines": []}}}, "devices\\__init__.py": {"executed_lines": [1], "summary": {"covered_lines": 0, "num_statements": 0, "percent_covered": 100.0, "percent_covered_display": "100", "missing_lines": 0, "excluded_lines": 0}, "missing_lines": [], "excluded_lines": [], "functions": {"": {"executed_lines": [], "summary": {"covered_lines": 0, "num_statements": 0, "percent_covered": 100.0, "percent_covered_display": "100", "missing_lines": 0, "excluded_lines": 0}, "missing_lines": [], "excluded_lines": []}}, "classes": {"": {"executed_lines": [], "summary": {"covered_lines": 0, "num_statements": 0, "percent_covered": 100.0, "percent_covered_display": "100", "missing_lines": 0, "excluded_lines": 0}, "missing_lines": [], "excluded_lines": []}}}, "devices\\camera.py": {"executed_lines": [1, 2, 4, 5, 6, 7, 9, 10, 12, 13, 14, 16, 17, 18, 19], "summary": {"covered_lines": 15, "num_statements": 15, "percent_covered": 100.0, "percent_covered_display": "100", "missing_lines": 0, "excluded_lines": 0}, "missing_lines": [], "excluded_lines": [], "functions": {"Camera.__init__": {"executed_lines": [6, 7], "summary": {"covered_lines": 2, "num_statements": 2, "percent_covered": 100.0, "percent_covered_display": "100", "missing_lines": 0, "excluded_lines": 0}, "missing_lines": [], "excluded_lines": []}, "Camera.get_status": {"executed_lines": [10], "summary": {"covered_lines": 1, "num_statements": 1, "percent_covered": 100.0, "percent_covered_display": "100", "missing_lines": 0, "excluded_lines": 0}, "missing_lines": [], "excluded_lines": []}, "Camera.take_picture": {"executed_lines": [13, 14], "summary": {"covered_lines": 2, "num_statements": 2, "percent_covered": 100.0, "percent_covered_display": "100", "missing_lines": 0, "excluded_lines": 0}, "missing_lines": [], "excluded_lines": []}, "Camera.start_recording": {"executed_lines": [17, 18, 19], "summary": {"covered_lines": 3, "num_statements": 3, "percent_covered": 100.0, "percent_covered_display": "100", "missing_lines": 0, "excluded_lines": 0}, "missing_lines": [], "excluded_lines": []}, "": {"executed_lines": [1, 2, 4, 5, 9, 12, 16], "summary": {"covered_lines": 7, "num_statements": 7, "percent_covered": 100.0, "percent_covered_display": "100", "missing_lines": 0, "excluded_lines": 0}, "missing_lines": [], "excluded_lines": []}}, "classes": {"Camera": {"executed_lines": [6, 7, 10, 13, 14, 17, 18, 19], "summary": {"covered_lines": 8, "num_statements": 8, "percent_covered": 100.0, "percent_covered_display": "100", "missing_lines": 0, "excluded_lines": 0}, "missing_lines": [], "excluded_lines": []}, "": {"executed_lines": [1, 2, 4, 5, 9, 12, 16], "summary": {"covered_lines": 7, "num_statements": 7, "percent_covered": 100.0, "percent_covered_display": "100", "missing_lines": 0, "excluded_lines": 0}, "missing_lines": [], "excluded_lines": []}}}, "devices\\device_base.py": {"executed_lines": [1, 3, 4, 5, 6, 7, 9, 10, 12, 13, 14, 16, 17, 19, 20, 22], "summary": {"covered_lines": 16, "num_statements": 17, "percent_covered": 94.11764705882354, "percent_covered_display": "94", "missing_lines": 1, "excluded_lines": 0}, "missing_lines": [23], "excluded_lines": [], "functions": {"DeviceBase.__init__": {"executed_lines": [5, 6, 7], "summary": {"covered_lines": 3, "num_statements": 3, "percent_covered": 100.0, "percent_covered_display": "100", "missing_lines": 0, "excluded_lines": 0}, "missing_lines": [], "excluded_lines": []}, "DeviceBase.add_observer": {"executed_lines": [10], "summary": {"covered_lines": 1, "num_statements": 1, "percent_covered": 100.0, "percent_covered_display": "100", "missing_lines": 0, "excluded_lines": 0}, "missing_lines": [], "excluded_lines": []}, "DeviceBase.notify_observers": {"executed_lines": [13, 14], "summary": {"covered_lines": 2, "num_statements": 2, "percent_covered": 100.0, "percent_covered_display": "100", "missing_lines": 0, "excluded_lines": 0}, "missing_lines": [], "excluded_lines": []}, "DeviceBase.get_id": {"executed_lines": [17], "summary": {"covered_lines": 1, "num_statements": 1, "percent_covered": 100.0, "percent_covered_display": "100", "missing_lines": 0, "excluded_lines": 0}, "missing_lines": [], "excluded_lines": []}, "DeviceBase.get_type": {"executed_lines": [20], "summary": {"covered_lines": 1, "num_statements": 1, "percent_covered": 100.0, "percent_covered_display": "100", "missing_lines": 0, "excluded_lines": 0}, "missing_lines": [], "excluded_lines": []}, "DeviceBase.get_status": {"executed_lines": [], "summary": {"covered_lines": 0, "num_statements": 1, "percent_covered": 0.0, "percent_covered_display": "0", "missing_lines": 1, "excluded_lines": 0}, "missing_lines": [23], "excluded_lines": []}, "": {"executed_lines": [1, 3, 4, 9, 12, 16, 19, 22], "summary": {"covered_lines": 8, "num_statements": 8, "percent_covered": 100.0, "percent_covered_display": "100", "missing_lines": 0, "excluded_lines": 0}, "missing_lines": [], "excluded_lines": []}}, "classes": {"DeviceBase": {"executed_lines": [5, 6, 7, 10, 13, 14, 17, 20], "summary": {"covered_lines": 8, "num_statements": 9, "percent_covered": 88.88888888888889, "percent_covered_display": "89", "missing_lines": 1, "excluded_lines": 0}, "missing_lines": [23], "excluded_lines": []}, "": {"executed_lines": [1, 3, 4, 9, 12, 16, 19, 22], "summary": {"covered_lines": 8, "num_statements": 8, "percent_covered": 100.0, "percent_covered_display": "100", "missing_lines": 0, "excluded_lines": 0}, "missing_lines": [], "excluded_lines": []}}}, "devices\\device_factory.py": {"executed_lines": [1, 3, 4, 6, 7, 9, 12, 13, 16, 17, 18, 20, 21, 24, 25, 27, 28, 30, 32, 33, 35, 36, 37, 39, 44, 46, 47, 48, 49, 50, 52, 53, 57, 59, 61, 62, 63, 64, 66, 73, 74, 75, 77, 78, 80, 83, 86, 87, 88, 90, 91, 92, 93, 96, 98, 99], "summary": {"covered_lines": 53, "num_statements": 60, "percent_covered": 88.33333333333333, "percent_covered_display": "88", "missing_lines": 7, "excluded_lines": 0}, "missing_lines": [34, 41, 42, 54, 68, 76, 79], "excluded_lines": [], "functions": {"DeviceFactory.__init__": {"executed_lines": [28], "summary": {"covered_lines": 1, "num_statements": 1, "percent_covered": 100.0, "percent_covered_display": "100", "missing_lines": 0, "excluded_lines": 0}, "missing_lines": [], "excluded_lines": []}, "DeviceFactory.register": {"executed_lines": [32, 33, 35, 36, 37], "summary": {"covered_lines": 5, "num_statements": 6, "percent_covered": 83.33333333333333, "percent_covered_display": "83", "missing_lines": 1, "excluded_lines": 0}, "missing_lines": [34], "excluded_lines": []}, "DeviceFactory.unregister": {"executed_lines": [], "summary": {"covered_lines": 0, "num_statements": 2, "percent_covered": 0.0, "percent_covered_display": "0", "missing_lines": 2, "excluded_lines": 0}, "missing_lines": [41, 42], "excluded_lines": []}, "DeviceFactory.create": {"executed_lines": [46, 47, 48, 49, 50, 52, 53, 57], "summary": {"covered_lines": 8, "num_statements": 9, "percent_covered": 88.88888888888889, "percent_covered_display": "89", "missing_lines": 1, "excluded_lines": 0}, "missing_lines": [54], "excluded_lines": []}, "DeviceFactory.build_many": {"executed_lines": [61, 62, 63, 64], "summary": {"covered_lines": 4, "num_statements": 4, "percent_covered": 100.0, "percent_covered_display": "100", "missing_lines": 0, "excluded_lines": 0}, "missing_lines": [], "excluded_lines": []}, "DeviceFactory.registered_devices": {"executed_lines": [], "summary": {"covered_lines": 0, "num_statements": 1, "percent_covered": 0.0, "percent_covered_display": "0", "missing_lines": 1, "excluded_lines": 0}, "missing_lines": [68], "excluded_lines": []}, "DeviceFactory._normalize_type": {"executed_lines": [75, 77, 78, 80], "summary": {"covered_lines": 4, "num_statements": 6, "percent_covered": 66.66666666666667, "percent_covered_display": "67", "missing_lines": 2, "excluded_lines": 0}, "missing_lines": [76, 79], "excluded_lines": []}, "register_builtin_devices": {"executed_lines": [86, 87, 88, 90, 91, 92, 93], "summary": {"covered_lines": 7, "num_statements": 7, "percent_covered": 100.0, "percent_covered_display": "100", "missing_lines": 0, "excluded_lines": 0}, "missing_lines": [], "excluded_lines": []}, "create_default_device_factory": {"executed_lines": [98, 99], "summary": {"covered_lines": 2, "num_statements": 2, "percent_covered": 100.0, "percent_covered_display": "100", "missing_lines": 0, "excluded_lines": 0}, "missing_lines": [], "excluded_lines": []}, "": {"executed_lines": [1, 3, 4, 6, 7, 9, 12, 13, 16, 17, 18, 20, 21, 24, 25, 27, 30, 39, 44, 59, 66, 73, 74, 83, 96], "summary": {"covered_lines": 22, "num_statements": 22, "percent_covered": 100.0, "percent_covered_display": "100", "missing_lines": 0, "excluded_lines": 0}, "missing_lines": [], "excluded_lines": []}}, "classes": {"DeviceFactoryError": {"executed_lines": [], "summary": {"covered_lines": 0, "num_statements": 0, "percent_covered": 100.0, "percent_covered_display": "100", "missing_lines": 0, "excluded_lines": 0}, "missing_lines": [], "excluded_lines": []}, "RegisteredDevice": {"executed_lines": [], "summary": {"covered_lines": 0, "num_statements": 0, "percent_covered": 100.0, "percent_covered_display": "100", "missing_lines": 0, "excluded_lines": 0}, "missing_lines": [], "excluded_lines": []}, "DeviceFactory": {"executed_lines": [28, 32, 33, 35, 36, 37, 46, 47, 48, 49, 50, 52, 53, 57, 61, 62, 63, 64, 75, 77, 78, 80], "summary": {"covered_lines": 22, "num_statements": 29, "percent_covered": 75.86206896551724, "percent_covered_display": "76", "missing_lines": 7, "excluded_lines": 0}, "missing_lines": [34, 41, 42, 54, 68, 76, 79], "excluded_lines": []}, "": {"executed_lines": [1, 3, 4, 6, 7, 9, 12, 13, 16, 17, 18, 20, 21, 24, 25, 27, 30, 39, 44, 59, 66, 73, 74, 83, 86, 87, 88, 90, 91, 92, 93, 96, 98, 99], "summary": {"covered_lines": 31, "num_statements": 31, "percent_covered": 100.0, "percent_covered_display": "100", "missing_lines": 0, "excluded_lines": 0}, "missing_lines": [], "excluded_lines": []}}}, "devices\\motion_detector.py": {"executed_lines": [1, 2, 4, 5, 6, 7, 9, 10, 12, 13, 14], "summary": {"covered_lines": 11, "num_statements": 11, "percent_covered": 100.0, "percent_covered_display": "100", "missing_lines": 0, "excluded_lines": 0}, "missing_lines": [], "excluded_lines": [], "functions": {"MotionDetector.__init__": {"executed_lines": [6, 7], "summary": {"covered_lines": 2, "num_statements": 2, "percent_covered": 100.0, "percent_covered_display": "100", "missing_lines": 0, "excluded_lines": 0}, "missing_lines": [], "excluded_lines": []}, "MotionDetector.get_status": {"executed_lines": [10], "summary": {"covered_lines": 1, "num_statements": 1, "percent_covered": 100.0, "percent_covered_display": "100", "missing_lines": 0, "excluded_lines": 0}, "missing_lines": [], "excluded_lines": []}, "MotionDetector.detect_motion": {"executed_lines": [13, 14], "summary": {"covered_lines": 2, "num_statements": 2, "percent_covered": 100.0, "percent_covered_display": "100", "missing_lines": 0, "excluded_lines": 0}, "missing_lines": [], "excluded_lines": []}, "": {"executed_lines": [1, 2, 4, 5, 9, 12], "summary": {"covered_lines": 6, "num_statements": 6, "percent_covered": 100.0, "percent_covered_display": "100", "missing_lines": 0, "excluded_lines": 0}, "missing_lines": [], "excluded_lines": []}}, "classes": {"MotionDetector": {"executed_lines": [6, 7, 10, 13, 14], "summary": {"covered_lines": 5, "num_statements": 5, "percent_covered": 100.0, "percent_covered_display": "100", "missing_lines": 0, "excluded_lines": 0}, "missing_lines": [], "excluded_lines": []}, "": {"executed_lines": [1, 2, 4, 5, 9, 12], "summary": {"covered_lines": 6, "num_statements": 6, "percent_covered": 100.0, "percent_covered_display": "100", "missing_lines": 0, "excluded_lines": 0}, "missing_lines": [], "excluded_lines": []}}}, "devices\\siren.py": {"executed_lines": [1, 2, 3, 4, 6, 11, 12, 13, 14], "summary": {"covered_lines": 9, "num_statements": 12, "percent_covered": 75.0, "percent_covered_display": "75", "missing_lines": 3, "excluded_lines": 0}, "missing_lines": [7, 8, 9], "excluded_lines": [], "functions": {"Siren.__init__": {"executed_lines": [3, 4], "summary": {"covered_lines": 2, "num_statements": 2, "percent_covered": 100.0, "percent_covered_display": "100", "missing_lines": 0, "excluded_lines": 0}, "missing_lines": [], "excluded_lines": []}, "Siren.activate": {"executed_lines": [], "summary": {"covered_lines": 0, "num_statements": 3, "percent_covered": 0.0, "percent_covered_display": "0", "missing_lines": 3, "excluded_lines": 0}, "missing_lines": [7, 8, 9], "excluded_lines": []}, "Siren.deactivate": {"executed_lines": [12, 13, 14], "summary": {"covered_lines": 3, "num_statements": 3, "percent_covered": 100.0, "percent_covered_display": "100", "missing_lines": 0, "excluded_lines": 0}, "missing_lines": [], "excluded_lines": []}, "": {"executed_lines": [1, 2, 6, 11], "summary": {"covered_lines": 4, "num_statements": 4, "percent_covered": 100.0, "percent_covered_display": "100", "missing_lines": 0, "excluded_lines": 0}, "missing_lines": [], "excluded_lines": []}}, "classes": {"Siren": {"executed_lines": [3, 4, 12, 13, 14], "summary": {"covered_lines": 5, "num_statements": 8, "percent_covered": 62.5, "percent_covered_display": "62", "missing_lines": 3, "excluded_lines": 0}, "missing_lines": [7, 8, 9], "excluded_lines": []}, "": {"executed_lines": [1, 2, 6, 11], "summary": {"covered_lines": 4, "num_statements": 4, "percent_covered": 100.0, "percent_covered_display": "100", "missing_lines": 0, "excluded_lines": 0}, "missing_lines": [], "excluded_lines": []}}}, "devices\\windoor_sensor.py": {"executed_lines": [1, 2, 4, 5, 6, 7, 9, 10, 12, 13, 14, 16, 17, 18], "summary": {"covered_lines": 14, "num_statements": 14, "percent_covered": 100.0, "percent_covered_display": "100", "missing_lines": 0, "excluded_lines": 0}, "missing_lines": [], "excluded_lines": [], "functions": {"WindowDoorSensor.__init__": {"executed_lines": [6, 7], "summary": {"covered_lines": 2, "num_statements": 2, "percent_covered": 100.0, "percent_covered_display": "100", "missing_lines": 0, "excluded_lines": 0}, "missing_lines": [], "excluded_lines": []}, "WindowDoorSensor.get_status": {"executed_lines": [10], "summary": {"covered_lines": 1, "num_statements": 1, "percent_covered": 100.0, "percent_covered_display": "100", "missing_lines": 0, "excluded_lines": 0}, "missing_lines": [], "excluded_lines": []}, "WindowDoorSensor.set_open": {"executed_lines": [13, 14], "summary": {"covered_lines": 2, "num_statements": 2, "percent_covered": 100.0, "percent_covered_display": "100", "missing_lines": 0, "excluded_lines": 0}, "missing_lines": [], "excluded_lines": []}, "WindowDoorSensor.set_closed": {"executed_lines": [17, 18], "summary": {"covered_lines": 2, "num_statements": 2, "percent_covered": 100.0, "percent_covered_display": "100", "missing_lines": 0, "excluded_lines": 0}, "missing_lines": [], "excluded_lines": []}, "": {"executed_lines": [1, 2, 4, 5, 9, 12, 16], "summary": {"covered_lines": 7, "num_statements": 7, "percent_covered": 100.0, "percent_covered_display": "100", "missing_lines": 0, "excluded_lines": 0}, "missing_lines": [], "excluded_lines": []}}, "classes": {"WindowDoorSensor": {"executed_lines": [6, 7, 10, 13, 14, 17, 18], "summary": {"covered_lines": 7, "num_statements": 7, "percent_covered": 100.0, "percent_covered_display": "100", "missing_lines": 0, "excluded_lines": 0}, "missing_lines": [], "excluded_lines": []}, "": {"executed_lines": [1, 2, 4, 5, 9, 12, 16], "summary": {"covered_lines": 7, "num_statements": 7, "percent_covered": 100.0, "percent_covered_display": "100", "missing_lines": 0, "excluded_lines": 0}, "missing_lines": [], "excluded_lines": []}}}, "domain\\__init__.py": {"executed_lines": [1], "summary": {"covered_lines": 0, "num_statements": 0, "percent_covered": 100.0, "percent_covered_display": "100", "missing_lines": 0, "excluded_lines": 0}, "missing_lines": [], "excluded_lines": [], "functions": {"": {"executed_lines": [], "summary": {"covered_lines": 0, "num_statements": 0, "percent_covered": 100.0, "percent_covered_display": "100", "missing_lines": 0, "excluded_lines": 0}, "missing_lines": [], "excluded_lines": []}}, "classes": {"": {"executed_lines": [], "summary": {"covered_lines": 0, "num_statements": 0, "percent_covered": 100.0, "percent_covered_display": "100", "missing_lines": 0, "excluded_lines": 0}, "missing_lines": [], "excluded_lines": []}}}, "domain\\device_manager.py": {"executed_lines": [1, 3, 5, 6, 9, 10, 12, 13, 14, 16, 18, 24, 26, 27, 29, 30, 31, 32, 33, 35, 36, 37, 38, 40, 47, 49, 50, 51, 52, 55, 57, 58, 59, 60, 61, 63, 70, 72, 78, 79, 81, 82, 83, 84], "summary": {"covered_lines": 43, "num_statements": 54, "percent_covered": 79.62962962962963, "percent_covered_display": "80", "missing_lines": 11, "excluded_lines": 0}, "missing_lines": [41, 42, 43, 44, 45, 53, 64, 65, 66, 67, 68], "excluded_lines": [], "functions": {"DeviceManager.__init__": {"executed_lines": [13, 14], "summary": {"covered_lines": 2, "num_statements": 2, "percent_covered": 100.0, "percent_covered_display": "100", "missing_lines": 0, "excluded_lines": 0}, "missing_lines": [], "excluded_lines": []}, "DeviceManager._initialize_tables": {"executed_lines": [18, 24, 26, 27, 29, 30, 31, 32, 33], "summary": {"covered_lines": 9, "num_statements": 9, "percent_covered": 100.0, "percent_covered_display": "100", "missing_lines": 0, "excluded_lines": 0}, "missing_lines": [], "excluded_lines": []}, "DeviceManager.add_device": {"executed_lines": [36, 37, 38], "summary": {"covered_lines": 3, "num_statements": 3, "percent_covered": 100.0, "percent_covered_display": "100", "missing_lines": 0, "excluded_lines": 0}, "missing_lines": [], "excluded_lines": []}, "DeviceManager.remove_device": {"executed_lines": [], "summary": {"covered_lines": 0, "num_statements": 5, "percent_covered": 0.0, "percent_covered_display": "0", "missing_lines": 5, "excluded_lines": 0}, "missing_lines": [41, 42, 43, 44, 45], "excluded_lines": []}, "DeviceManager.load_all_devices": {"executed_lines": [49, 50, 51, 52], "summary": {"covered_lines": 4, "num_statements": 5, "percent_covered": 80.0, "percent_covered_display": "80", "missing_lines": 1, "excluded_lines": 0}, "missing_lines": [53], "excluded_lines": []}, "DeviceManager.load_device_zone_assignments": {"executed_lines": [57, 58, 59, 60, 61], "summary": {"covered_lines": 5, "num_statements": 5, "percent_covered": 100.0, "percent_covered_display": "100", "missing_lines": 0, "excluded_lines": 0}, "missing_lines": [], "excluded_lines": []}, "DeviceManager.get_device_zone": {"executed_lines": [], "summary": {"covered_lines": 0, "num_statements": 5, "percent_covered": 0.0, "percent_covered_display": "0", "missing_lines": 5, "excluded_lines": 0}, "missing_lines": [64, 65, 66, 67, 68], "excluded_lines": []}, "DeviceManager.assign_device_to_zone": {"executed_lines": [72, 78, 79], "summary": {"covered_lines": 3, "num_statements": 3, "percent_covered": 100.0, "percent_covered_display": "100", "missing_lines": 0, "excluded_lines": 0}, "missing_lines": [], "excluded_lines": []}, "DeviceManager.remove_device_zone_assignment": {"executed_lines": [82, 83, 84], "summary": {"covered_lines": 3, "num_statements": 3, "percent_covered": 100.0, "percent_covered_display": "100", "missing_lines": 0, "excluded_lines": 0}, "missing_lines": [], "excluded_lines": []}, "": {"executed_lines": [1, 3, 5, 6, 9, 10, 12, 16, 35, 40, 47, 55, 63, 70, 81], "summary": {"covered_lines": 14, "num_statements": 14, "percent_covered": 100.0, "percent_covered_display": "100", "missing_lines": 0, "excluded_lines": 0}, "missing_lines": [], "excluded_lines": []}}, "classes": {"DeviceManager": {"executed_lines": [13, 14, 18, 24, 26, 27, 29, 30, 31, 32, 33, 36, 37, 38, 49, 50, 51, 52, 57, 58, 59, 60, 61, 72, 78, 79, 82, 83, 84], "summary": {"covered_lines": 29, "num_statements": 40, "percent_covered": 72.5, "percent_covered_display": "72", "missing_lines": 11, "excluded_lines": 0}, "missing_lines": [41, 42, 43, 44, 45, 53, 64, 65, 66, 67, 68], "excluded_lines": []}, "": {"executed_lines": [1, 3, 5, 6, 9, 10, 12, 16, 35, 40, 47, 55, 63, 70, 81], "summary": {"covered_lines": 14, "num_statements": 14, "percent_covered": 100.0, "percent_covered_display": "100", "missing_lines": 0, "excluded_lines": 0}, "missing_lines": [], "excluded_lines": []}}}, "domain\\services\\__init__.py": {"executed_lines": [1], "summary": {"covered_lines": 0, "num_statements": 0, "percent_covered": 100.0, "percent_covered_display": "100", "missing_lines": 0, "excluded_lines": 0}, "missing_lines": [], "excluded_lines": [], "functions": {"": {"executed_lines": [1], "summary": {"covered_lines": 0, "num_statements": 0, "percent_covered": 100.0, "percent_covered_display": "100", "missing_lines": 0, "excluded_lines": 0}, "missing_lines": [], "excluded_lines": []}}, "classes": {"": {"executed_lines": [1], "summary": {"covered_lines": 0, "num_statements": 0, "percent_covered": 100.0, "percent_covered_display": "100", "missing_lines": 0, "excluded_lines": 0}, "missing_lines": [], "excluded_lines": []}}}, "domain\\services\\auth_service.py": {"executed_lines": [1, 3, 5, 6, 9, 10, 12, 18, 19, 20, 22, 24, 25, 26, 31, 34, 39, 41, 43, 44, 46, 47, 48, 53], "summary": {"covered_lines": 23, "num_statements": 24, "percent_covered": 95.83333333333333, "percent_covered_display": "96", "missing_lines": 1, "excluded_lines": 0}, "missing_lines": [32], "excluded_lines": [], "functions": {"AuthService.__init__": {"executed_lines": [18, 19, 20], "summary": {"covered_lines": 3, "num_statements": 3, "percent_covered": 100.0, "percent_covered_display": "100", "missing_lines": 0, "excluded_lines": 0}, "missing_lines": [], "excluded_lines": []}, "AuthService.login": {"executed_lines": [24, 25, 26, 31, 34, 39], "summary": {"covered_lines": 6, "num_statements": 7, "percent_covered": 85.71428571428571, "percent_covered_display": "86", "missing_lines": 1, "excluded_lines": 0}, "missing_lines": [32], "excluded_lines": []}, "AuthService.logout": {"executed_lines": [43, 44, 46, 47, 48, 53], "summary": {"covered_lines": 6, "num_statements": 6, "percent_covered": 100.0, "percent_covered_display": "100", "missing_lines": 0, "excluded_lines": 0}, "missing_lines": [], "excluded_lines": []}, "": {"executed_lines": [1, 3, 5, 6, 9, 10, 12, 22, 41], "summary": {"covered_lines": 8, "num_statements": 8, "percent_covered": 100.0, "percent_covered_display": "100", "missing_lines": 0, "excluded_lines": 0}, "missing_lines": [], "excluded_lines": []}}, "classes": {"AuthService": {"executed_lines": [18, 19, 20, 24, 25, 26, 31, 34, 39, 43, 44, 46, 47, 48, 53], "summary": {"covered_lines": 15, "num_statements": 16, "percent_covered": 93.75, "percent_covered_display": "94", "missing_lines": 1, "excluded_lines": 0}, "missing_lines": [32], "excluded_lines": []}, "": {"executed_lines": [1, 3, 5, 6, 9, 10, 12, 22, 41], "summary": {"covered_lines": 8, "num_statements": 8, "percent_covered": 100.0, "percent_covered_display": "100", "missing_lines": 0, "excluded_lines": 0}, "missing_lines": [], "excluded_lines": []}}}, "domain\\services\\settings_service.py": {"executed_lines": [1, 3, 4, 6, 7, 8, 11, 12, 13, 14, 17, 18, 20, 26, 27, 28, 30, 38, 39, 41, 43, 44, 45, 46, 47, 48, 49, 50, 52, 55, 56, 61], "summary": {"covered_lines": 31, "num_statements": 32, "percent_covered": 96.875, "percent_covered_display": "97", "missing_lines": 1, "excluded_lines": 0}, "missing_lines": [53], "excluded_lines": [], "functions": {"SettingsService.__init__": {"executed_lines": [26, 27, 28], "summary": {"covered_lines": 3, "num_statements": 3, "percent_covered": 100.0, "percent_covered_display": "100", "missing_lines": 0, "excluded_lines": 0}, "missing_lines": [], "excluded_lines": []}, "SettingsService.update_settings": {"executed_lines": [38, 39, 41, 43, 44, 45, 46, 47, 48, 49, 50, 52, 55, 56, 61], "summary": {"covered_lines": 15, "num_statements": 16, "percent_covered": 93.75, "percent_covered_display": "94", "missing_lines": 1, "excluded_lines": 0}, "missing_lines": [53], "excluded_lines": []}, "": {"executed_lines": [1, 3, 4, 6, 7, 8, 11, 12, 13, 14, 17, 18, 20, 30], "summary": {"covered_lines": 13, "num_statements": 13, "percent_covered": 100.0, "percent_covered_display": "100", "missing_lines": 0, "excluded_lines": 0}, "missing_lines": [], "excluded_lines": []}}, "classes": {"SettingsResult": {"executed_lines": [], "summary": {"covered_lines": 0, "num_statements": 0, "percent_covered": 100.0, "percent_covered_display": "100", "missing_lines": 0, "excluded_lines": 0}, "missing_lines": [], "excluded_lines": []}, "SettingsService": {"executed_lines": [26, 27, 28, 38, 39, 41, 43, 44, 45, 46, 47, 48, 49, 50, 52, 55, 56, 61], "summary": {"covered_lines": 18, "num_statements": 19, "percent_covered": 94.73684210526316, "percent_covered_display": "95", "missing_lines": 1, "excluded_lines": 0}, "missing_lines": [53], "excluded_lines": []}, "": {"executed_lines": [1, 3, 4, 6, 7, 8, 11, 12, 13, 14, 17, 18, 20, 30], "summary": {"covered_lines": 13, "num_statements": 13, "percent_covered": 100.0, "percent_covered_display": "100", "missing_lines": 0, "excluded_lines": 0}, "missing_lines": [], "excluded_lines": []}}}, "domain\\system.py": {"executed_lines": [1, 5, 6, 7, 8, 9, 11, 12, 13, 14, 15, 16, 17, 18, 19, 20, 21, 22, 23, 26, 27, 29, 30, 32, 49, 50, 51, 52, 53, 54, 55, 56, 59, 60, 65, 67, 70, 71, 72, 73, 74, 75, 76, 78, 79, 80, 81, 82, 85, 86, 87, 90, 95, 103, 104, 106, 114, 122, 130, 131, 138, 140, 141, 143, 144, 146, 148, 150, 152, 154, 155, 158, 159, 160, 161, 166, 200, 205, 206, 207, 209, 210, 212, 214, 215, 219, 220, 223, 225, 230, 233, 237, 241, 258, 266, 267, 270, 273, 276, 282, 285, 286, 289, 294, 295, 298, 299, 300, 304, 314, 321, 322, 323, 325, 326, 328, 330, 331, 332, 333, 336, 337, 338, 339, 340, 343, 344, 345, 348, 349, 350, 356, 357, 358, 361, 362, 363, 364, 365, 368, 369, 370, 373, 374, 378, 381, 382, 383, 385, 386, 387, 397, 406, 407, 408, 414, 415, 418, 419, 429, 431, 439, 442, 447, 450, 452, 462, 468, 469, 474, 475, 477, 483, 494, 501, 502, 504, 522, 523, 524, 532, 533, 534, 542, 543, 544, 551, 554, 561, 565, 567, 572, 575, 576, 577, 582, 584, 586, 594, 601, 603, 605, 606, 612, 618, 620, 629, 636, 638, 640, 641, 647, 648, 654, 656, 695, 697, 698, 700, 702, 703, 704, 706, 715, 722, 724, 725, 730, 731, 732, 733, 735, 736, 738, 743, 745, 747, 748, 749, 750, 752, 754, 757, 758, 769], "summary": {"covered_lines": 241, "num_statements": 330, "percent_covered": 73.03030303030303, "percent_covered_display": "73", "missing_lines": 89, "excluded_lines": 4}, "missing_lines": [33, 34, 35, 36, 40, 41, 42, 43, 115, 116, 123, 124, 132, 133, 156, 178, 179, 180, 181, 183, 190, 191, 193, 195, 216, 226, 227, 228, 231, 234, 235, 238, 239, 242, 243, 244, 245, 246, 247, 248, 249, 250, 251, 252, 254, 255, 256, 301, 302, 306, 307, 308, 309, 351, 352, 353, 389, 390, 391, 392, 432, 433, 453, 454, 455, 488, 489, 595, 630, 665, 667, 668, 675, 676, 678, 680, 686, 708, 717, 718, 719, 720, 726, 727, 728, 760, 766, 767, 770], "excluded_lines": [37, 38, 44, 45], "functions": {"SystemCameraGateway.__init__": {"executed_lines": [30], "summary": {"covered_lines": 1, "num_statements": 1, "percent_covered": 100.0, "percent_covered_display": "100", "missing_lines": 0, "excluded_lines": 0}, "missing_lines": [], "excluded_lines": []}, "SystemCameraGateway.trigger_all": {"executed_lines": [], "summary": {"covered_lines": 0, "num_statements": 8, "percent_covered": 0.0, "percent_covered_display": "0", "missing_lines": 8, "excluded_lines": 4}, "missing_lines": [33, 34, 35, 36, 40, 41, 42, 43], "excluded_lines": [37, 38, 44, 45]}, "System.__init__": {"executed_lines": [67, 70, 71, 72, 73, 74, 75, 76, 78, 79, 80, 81, 82, 85, 86, 87, 90], "summary": {"covered_lines": 17, "num_statements": 17, "percent_covered": 100.0, "percent_covered_display": "100", "missing_lines": 0, "excluded_lines": 0}, "missing_lines": [], "excluded_lines": []}, "System.login": {"executed_lines": [103, 104], "summary": {"covered_lines": 2, "num_statements": 2, "percent_covered": 100.0, "percent_covered_display": "100", "missing_lines": 0, "excluded_lines": 0}, "missing_lines": [], "excluded_lines": []}, "System.login_with_details": {"executed_lines": [114, 122, 130, 131, 138, 140, 141, 143, 144, 146, 148, 150], "summary": {"covered_lines": 12, "num_statements": 18, "percent_covered": 66.66666666666667, "percent_covered_display": "67", "missing_lines": 6, "excluded_lines": 0}, "missing_lines": [115, 116, 123, 124, 132, 133], "excluded_lines": []}, "System.logout": {"executed_lines": [154, 155, 158, 159, 160, 161], "summary": {"covered_lines": 6, "num_statements": 7, "percent_covered": 85.71428571428571, "percent_covered_display": "86", "missing_lines": 1, "excluded_lines": 0}, "missing_lines": [156], "excluded_lines": []}, "System.configure_system_setting": {"executed_lines": [], "summary": {"covered_lines": 0, "num_statements": 9, "percent_covered": 0.0, "percent_covered_display": "0", "missing_lines": 9, "excluded_lines": 0}, "missing_lines": [178, 179, 180, 181, 183, 190, 191, 193, 195], "excluded_lines": []}, "System.turn_on": {"executed_lines": [205, 206, 207, 209, 210, 212, 214, 215, 219, 220, 223, 225, 230, 233, 237, 241, 258, 266, 267, 270, 273, 276, 282, 285, 286, 289, 294, 295, 298, 299, 300, 304], "summary": {"covered_lines": 32, "num_statements": 39, "percent_covered": 82.05128205128206, "percent_covered_display": "82", "missing_lines": 7, "excluded_lines": 0}, "missing_lines": [216, 301, 302, 306, 307, 308, 309], "excluded_lines": []}, "System.turn_on.get_delay_time": {"executed_lines": [], "summary": {"covered_lines": 0, "num_statements": 3, "percent_covered": 0.0, "percent_covered_display": "0", "missing_lines": 3, "excluded_lines": 0}, "missing_lines": [226, 227, 228], "excluded_lines": []}, "System.turn_on.call_monitoring_service": {"executed_lines": [], "summary": {"covered_lines": 0, "num_statements": 1, "percent_covered": 0.0, "percent_covered_display": "0", "missing_lines": 1, "excluded_lines": 0}, "missing_lines": [231], "excluded_lines": []}, "System.turn_on.activate_siren": {"executed_lines": [], "summary": {"covered_lines": 0, "num_statements": 2, "percent_covered": 0.0, "percent_covered_display": "0", "missing_lines": 2, "excluded_lines": 0}, "missing_lines": [234, 235], "excluded_lines": []}, "System.turn_on.deactivate_siren": {"executed_lines": [], "summary": {"covered_lines": 0, "num_statements": 2, "percent_covered": 0.0, "percent_covered_display": "0", "missing_lines": 2, "excluded_lines": 0}, "missing_lines": [238, 239], "excluded_lines": []}, "System.turn_on.get_monitored_sensors_state": {"executed_lines": [], "summary": {"covered_lines": 0, "num_statements": 14, "percent_covered": 0.0, "percent_covered_display": "0", "missing_lines": 14, "excluded_lines": 0}, "missing_lines": [242, 243, 244, 245, 246, 247, 248, 249, 250, 251, 252, 254, 255, 256], "excluded_lines": []}, "System.turn_off": {"executed_lines": [321, 322, 323, 325, 326, 328, 330, 331, 332, 333, 336, 337, 338, 339, 340, 343, 344, 345, 348, 349, 350, 356, 357, 358, 361, 362, 363, 364, 365, 368, 369, 370, 373, 374, 378, 381, 382, 383, 385, 386, 387], "summary": {"covered_lines": 41, "num_statements": 48, "percent_covered": 85.41666666666667, "percent_covered_display": "85", "missing_lines": 7, "excluded_lines": 0}, "missing_lines": [351, 352, 353, 389, 390, 391, 392], "excluded_lines": []}, "System.reset": {"executed_lines": [406, 407, 408, 414, 415, 418, 419, 429, 431, 439, 442, 447, 450, 452, 462, 468, 469, 474, 475, 477], "summary": {"covered_lines": 20, "num_statements": 25, "percent_covered": 80.0, "percent_covered_display": "80", "missing_lines": 5, "excluded_lines": 0}, "missing_lines": [432, 433, 453, 454, 455], "excluded_lines": []}, "System.reset_simple": {"executed_lines": [], "summary": {"covered_lines": 0, "num_statements": 2, "percent_covered": 0.0, "percent_covered_display": "0", "missing_lines": 2, "excluded_lines": 0}, "missing_lines": [488, 489], "excluded_lines": []}, "System.change_password": {"executed_lines": [501, 502], "summary": {"covered_lines": 2, "num_statements": 2, "percent_covered": 100.0, "percent_covered_display": "100", "missing_lines": 0, "excluded_lines": 0}, "missing_lines": [], "excluded_lines": []}, "System.change_master_password": {"executed_lines": [522, 523, 524, 532, 533, 534, 542, 543, 544, 551, 554, 561, 565, 567, 572, 575, 576, 577, 582, 584], "summary": {"covered_lines": 20, "num_statements": 20, "percent_covered": 100.0, "percent_covered_display": "100", "missing_lines": 0, "excluded_lines": 0}, "missing_lines": [], "excluded_lines": []}, "System.validate_current_password_for_change": {"executed_lines": [594, 601, 603, 605, 606, 612, 618], "summary": {"covered_lines": 7, "num_statements": 8, "percent_covered": 87.5, "percent_covered_display": "88", "missing_lines": 1, "excluded_lines": 0}, "missing_lines": [595], "excluded_lines": []}, "System.set_new_master_password": {"executed_lines": [629, 636, 638, 640, 641, 647, 648, 654], "summary": {"covered_lines": 8, "num_statements": 9, "percent_covered": 88.88888888888889, "percent_covered_display": "89", "missing_lines": 1, "excluded_lines": 0}, "missing_lines": [630], "excluded_lines": []}, "System.lock_account_after_failed_attempts": {"executed_lines": [], "summary": {"covered_lines": 0, "num_statements": 8, "percent_covered": 0.0, "percent_covered_display": "0", "missing_lines": 8, "excluded_lines": 0}, "missing_lines": [665, 667, 668, 675, 676, 678, 680, 686], "excluded_lines": []}, "System.lock_system": {"executed_lines": [697, 698], "summary": {"covered_lines": 2, "num_statements": 2, "percent_covered": 100.0, "percent_covered_display": "100", "missing_lines": 0, "excluded_lines": 0}, "missing_lines": [], "excluded_lines": []}, "System.unlock_system": {"executed_lines": [702, 703, 704], "summary": {"covered_lines": 3, "num_statements": 3, "percent_covered": 100.0, "percent_covered_display": "100", "missing_lines": 0, "excluded_lines": 0}, "missing_lines": [], "excluded_lines": []}, "System.get_system_status": {"executed_lines": [], "summary": {"covered_lines": 0, "num_statements": 1, "percent_covered": 0.0, "percent_covered_display": "0", "missing_lines": 1, "excluded_lines": 0}, "missing_lines": [708], "excluded_lines": []}, "System.set_ui": {"executed_lines": [], "summary": {"covered_lines": 0, "num_statements": 4, "percent_covered": 0.0, "percent_covered_display": "0", "missing_lines": 4, "excluded_lines": 0}, "missing_lines": [717, 718, 719, 720], "excluded_lines": []}, "System._attach_security_listener": {"executed_lines": [724, 725], "summary": {"covered_lines": 2, "num_statements": 5, "percent_covered": 40.0, "percent_covered_display": "40", "missing_lines": 3, "excluded_lines": 0}, "missing_lines": [726, 727, 728], "excluded_lines": []}, "System._get_auth_service": {"executed_lines": [731, 732, 733], "summary": {"covered_lines": 3, "num_statements": 3, "percent_covered": 100.0, "percent_covered_display": "100", "missing_lines": 0, "excluded_lines": 0}, "missing_lines": [], "excluded_lines": []}, "System._get_settings_service": {"executed_lines": [736, 738, 743], "summary": {"covered_lines": 3, "num_statements": 3, "percent_covered": 100.0, "percent_covered_display": "100", "missing_lines": 0, "excluded_lines": 0}, "missing_lines": [], "excluded_lines": []}, "System._refresh_services": {"executed_lines": [747, 748, 749, 750], "summary": {"covered_lines": 4, "num_statements": 4, "percent_covered": 100.0, "percent_covered_display": "100", "missing_lines": 0, "excluded_lines": 0}, "missing_lines": [], "excluded_lines": []}, "System._initialize_default_user": {"executed_lines": [754, 757, 758], "summary": {"covered_lines": 3, "num_statements": 6, "percent_covered": 50.0, "percent_covered_display": "50", "missing_lines": 3, "excluded_lines": 0}, "missing_lines": [760, 766, 767], "excluded_lines": []}, "System.__repr__": {"executed_lines": [], "summary": {"covered_lines": 0, "num_statements": 1, "percent_covered": 0.0, "percent_covered_display": "0", "missing_lines": 1, "excluded_lines": 0}, "missing_lines": [770], "excluded_lines": []}, "": {"executed_lines": [1, 5, 6, 7, 8, 9, 11, 12, 13, 14, 15, 16, 17, 18, 19, 20, 21, 22, 23, 26, 27, 29, 32, 49, 50, 51, 52, 53, 54, 55, 56, 59, 60, 65, 95, 106, 152, 166, 200, 314, 397, 483, 494, 504, 586, 620, 656, 695, 700, 706, 715, 722, 730, 735, 745, 752, 769], "summary": {"covered_lines": 53, "num_statements": 53, "percent_covered": 100.0, "percent_covered_display": "100", "missing_lines": 0, "excluded_lines": 0}, "missing_lines": [], "excluded_lines": []}}, "classes": {"SystemCameraGateway": {"executed_lines": [30], "summary": {"covered_lines": 1, "num_statements": 9, "percent_covered": 11.11111111111111, "percent_covered_display": "11", "missing_lines": 8, "excluded_lines": 4}, "missing_lines": [33, 34, 35, 36, 40, 41, 42, 43], "excluded_lines": [37, 38, 44, 45]}, "SystemState": {"executed_lines": [], "summary": {"covered_lines": 0, "num_statements": 0, "percent_covered": 100.0, "percent_covered_display": "100", "missing_lines": 0, "excluded_lines": 0}, "missing_lines": [], "excluded_lines": []}, "System": {"executed_lines": [67, 70, 71, 72, 73, 74, 75, 76, 78, 79, 80, 81, 82, 85, 86, 87, 90, 103, 104, 114, 122, 130, 131, 138, 140, 141, 143, 144, 146, 148, 150, 154, 155, 158, 159, 160, 161, 205, 206, 207, 209, 210, 212, 214, 215, 219, 220, 223, 225, 230, 233, 237, 241, 258, 266, 267, 270, 273, 276, 282, 285, 286, 289, 294, 295, 298, 299, 300, 304, 321, 322, 323, 325, 326, 328, 330, 331, 332, 333, 336, 337, 338, 339, 340, 343, 344, 345, 348, 349, 350, 356, 357, 358, 361, 362, 363, 364, 365, 368, 369, 370, 373, 374, 378, 381, 382, 383, 385, 386, 387, 406, 407, 408, 414, 415, 418, 419, 429, 431, 439, 442, 447, 450, 452, 462, 468, 469, 474, 475, 477, 501, 502, 522, 523, 524, 532, 533, 534, 542, 543, 544, 551, 554, 561, 565, 567, 572, 575, 576, 577, 582, 584, 594, 601, 603, 605, 606, 612, 618, 629, 636, 638, 640, 641, 647, 648, 654, 697, 698, 702, 703, 704, 724, 725, 731, 732, 733, 736, 738, 743, 747, 748, 749, 750, 754, 757, 758], "summary": {"covered_lines": 187, "num_statements": 268, "percent_covered": 69.77611940298507, "percent_covered_display": "70", "missing_lines": 81, "excluded_lines": 0}, "missing_lines": [115, 116, 123, 124, 132, 133, 156, 178, 179, 180, 181, 183, 190, 191, 193, 195, 216, 226, 227, 228, 231, 234, 235, 238, 239, 242, 243, 244, 245, 246, 247, 248, 249, 250, 251, 252, 254, 255, 256, 301, 302, 306, 307, 308, 309, 351, 352, 353, 389, 390, 391, 392, 432, 433, 453, 454, 455, 488, 489, 595, 630, 665, 667, 668, 675, 676, 678, 680, 686, 708, 717, 718, 719, 720, 726, 727, 728, 760, 766, 767, 770], "excluded_lines": []}, "": {"executed_lines": [1, 5, 6, 7, 8, 9, 11, 12, 13, 14, 15, 16, 17, 18, 19, 20, 21, 22, 23, 26, 27, 29, 32, 49, 50, 51, 52, 53, 54, 55, 56, 59, 60, 65, 95, 106, 152, 166, 200, 314, 397, 483, 494, 504, 586, 620, 656, 695, 700, 706, 715, 722, 730, 735, 745, 752, 769], "summary": {"covered_lines": 53, "num_statements": 53, "percent_covered": 100.0, "percent_covered_display": "100", "missing_lines": 0, "excluded_lines": 0}, "missing_lines": [], "excluded_lines": []}}}, "domain\\system_controller.py": {"executed_lines": [1, 3, 4, 6, 7, 8, 9, 12, 13, 15, 21, 22, 23, 24, 25, 26, 28, 31, 34, 41, 42, 44, 49, 50, 51, 52, 53, 54, 55, 70, 71, 72, 74, 76, 89, 94, 101], "summary": {"covered_lines": 36, "num_statements": 75, "percent_covered": 48.0, "percent_covered_display": "48", "missing_lines": 39, "excluded_lines": 0}, "missing_lines": [29, 32, 35, 36, 37, 38, 39, 45, 46, 47, 57, 58, 59, 60, 61, 62, 63, 64, 65, 66, 67, 68, 73, 78, 85, 86, 87, 91, 92, 95, 96, 97, 98, 99, 102, 103, 104, 105, 106], "excluded_lines": [], "functions": {"SystemController.__init__": {"executed_lines": [21, 22, 23, 24, 25, 26], "summary": {"covered_lines": 6, "num_statements": 6, "percent_covered": 100.0, "percent_covered_display": "100", "missing_lines": 0, "excluded_lines": 0}, "missing_lines": [], "excluded_lines": []}, "SystemController.set_ui": {"executed_lines": [], "summary": {"covered_lines": 0, "num_statements": 1, "percent_covered": 0.0, "percent_covered_display": "0", "missing_lines": 1, "excluded_lines": 0}, "missing_lines": [29], "excluded_lines": []}, "SystemController.add_camera": {"executed_lines": [], "summary": {"covered_lines": 0, "num_statements": 1, "percent_covered": 0.0, "percent_covered_display": "0", "missing_lines": 1, "excluded_lines": 0}, "missing_lines": [32], "excluded_lines": []}, "SystemController.login": {"executed_lines": [], "summary": {"covered_lines": 0, "num_statements": 5, "percent_covered": 0.0, "percent_covered_display": "0", "missing_lines": 5, "excluded_lines": 0}, "missing_lines": [35, 36, 37, 38, 39], "excluded_lines": []}, "SystemController.set_security_mode": {"executed_lines": [42, 44, 49, 50, 51, 52, 53, 54, 55, 70, 71, 72, 74], "summary": {"covered_lines": 13, "num_statements": 29, "percent_covered": 44.827586206896555, "percent_covered_display": "45", "missing_lines": 16, "excluded_lines": 0}, "missing_lines": [45, 46, 47, 57, 58, 59, 60, 61, 62, 63, 64, 65, 66, 67, 68, 73], "excluded_lines": []}, "SystemController.update_sensor_status": {"executed_lines": [], "summary": {"covered_lines": 0, "num_statements": 4, "percent_covered": 0.0, "percent_covered_display": "0", "missing_lines": 4, "excluded_lines": 0}, "missing_lines": [78, 85, 86, 87], "excluded_lines": []}, "SystemController.trigger_camera": {"executed_lines": [], "summary": {"covered_lines": 0, "num_statements": 2, "percent_covered": 0.0, "percent_covered_display": "0", "missing_lines": 2, "excluded_lines": 0}, "missing_lines": [91, 92], "excluded_lines": []}, "SystemController._map_sensor_type": {"executed_lines": [], "summary": {"covered_lines": 0, "num_statements": 5, "percent_covered": 0.0, "percent_covered_display": "0", "missing_lines": 5, "excluded_lines": 0}, "missing_lines": [95, 96, 97, 98, 99], "excluded_lines": []}, "SystemController._map_sensor_status": {"executed_lines": [], "summary": {"covered_lines": 0, "num_statements": 5, "percent_covered": 0.0, "percent_covered_display": "0", "missing_lines": 5, "excluded_lines": 0}, "missing_lines": [102, 103, 104, 105, 106], "excluded_lines": []}, "": {"executed_lines": [1, 3, 4, 6, 7, 8, 9, 12, 13, 15, 28, 31, 34, 41, 76, 89, 94, 101], "summary": {"covered_lines": 17, "num_statements": 17, "percent_covered": 100.0, "percent_covered_display": "100", "missing_lines": 0, "excluded_lines": 0}, "missing_lines": [], "excluded_lines": []}}, "classes": {"SystemController": {"executed_lines": [21, 22, 23, 24, 25, 26, 42, 44, 49, 50, 51, 52, 53, 54, 55, 70, 71, 72, 74], "summary": {"covered_lines": 19, "num_statements": 58, "percent_covered": 32.758620689655174, "percent_covered_display": "33", "missing_lines": 39, "excluded_lines": 0}, "missing_lines": [29, 32, 35, 36, 37, 38, 39, 45, 46, 47, 57, 58, 59, 60, 61, 62, 63, 64, 65, 66, 67, 68, 73, 78, 85, 86, 87, 91, 92, 95, 96, 97, 98, 99, 102, 103, 104, 105, 106], "excluded_lines": []}, "": {"executed_lines": [1, 3, 4, 6, 7, 8, 9, 12, 13, 15, 28, 31, 34, 41, 76, 89, 94, 101], "summary": {"covered_lines": 17, "num_statements": 17, "percent_covered": 100.0, "percent_covered_display": "100", "missing_lines": 0, "excluded_lines": 0}, "missing_lines": [], "excluded_lines": []}}}, "domain\\system_states.py": {"executed_lines": [], "summary": {"covered_lines": 0, "num_statements": 33, "percent_covered": 0.0, "percent_covered_display": "0", "missing_lines": 33, "excluded_lines": 0}, "missing_lines": [2, 3, 5, 6, 7, 8, 10, 11, 12, 14, 15, 16, 18, 20, 22, 23, 24, 26, 30, 32, 33, 35, 37, 38, 39, 41, 44, 45, 47, 49, 50, 53, 54], "excluded_lines": [], "functions": {"SecurityState.handle_sensor": {"executed_lines": [], "summary": {"covered_lines": 0, "num_statements": 1, "percent_covered": 0.0, "percent_covered_display": "0", "missing_lines": 1, "excluded_lines": 0}, "missing_lines": [8], "excluded_lines": []}, "SecurityState.get_name": {"executed_lines": [], "summary": {"covered_lines": 0, "num_statements": 1, "percent_covered": 0.0, "percent_covered_display": "0", "missing_lines": 1, "excluded_lines": 0}, "missing_lines": [12], "excluded_lines": []}, "DisarmedState.get_name": {"executed_lines": [], "summary": {"covered_lines": 0, "num_statements": 1, "percent_covered": 0.0, "percent_covered_display": "0", "missing_lines": 1, "excluded_lines": 0}, "missing_lines": [16], "excluded_lines": []}, "DisarmedState.handle_sensor": {"executed_lines": [], "summary": {"covered_lines": 0, "num_statements": 1, "percent_covered": 0.0, "percent_covered_display": "0", "missing_lines": 1, "excluded_lines": 0}, "missing_lines": [20], "excluded_lines": []}, "AwayState.get_name": {"executed_lines": [], "summary": {"covered_lines": 0, "
[...]
sing_lines": [1093, 1094, 1095, 1096, 1097, 1098, 1100], "excluded_lines": []}, "": {"executed_lines": [1, 2, 3, 4, 6, 7, 8, 9, 10, 13, 16, 17, 19, 22, 27, 31, 39, 44, 50, 54, 55, 99, 105, 112, 118, 123, 133, 136, 161, 175, 176, 180, 228, 249, 271, 298, 302, 315, 316, 350, 424, 442, 461, 462, 482, 486, 507, 508, 593, 594, 598, 599, 603, 609, 631, 645, 655, 664, 677, 687, 704, 715, 755, 764, 780, 781, 829, 830, 834, 840, 860, 869, 881, 882, 914, 944, 963, 985, 1010, 1035, 1062, 1073, 1085, 1091], "summary": {"covered_lines": 82, "num_statements": 82, "percent_covered": 100.0, "percent_covered_display": "100", "missing_lines": 0, "excluded_lines": 0}, "missing_lines": [], "excluded_lines": []}}, "classes": {"TkSecurityListener": {"executed_lines": [], "summary": {"covered_lines": 0, "num_statements": 21, "percent_covered": 0.0, "percent_covered_display": "0", "missing_lines": 21, "excluded_lines": 0}, "missing_lines": [20, 23, 24, 25, 28, 29, 32, 33, 34, 35, 36, 37, 40, 41, 42, 45, 46, 47, 48, 51, 52], "excluded_lines": []}, "SafeHomeApp": {"executed_lines": [], "summary": {"covered_lines": 0, "num_statements": 72, "percent_covered": 0.0, "percent_covered_display": "0", "missing_lines": 72, "excluded_lines": 0}, "missing_lines": [56, 57, 58, 59, 62, 64, 65, 66, 67, 70, 71, 72, 73, 74, 76, 77, 78, 79, 81, 82, 83, 86, 87, 88, 89, 90, 93, 96, 97, 100, 101, 102, 103, 106, 107, 109, 110, 113, 115, 116, 119, 120, 121, 125, 126, 127, 129, 130, 131, 134, 140, 142, 144, 147, 149, 150, 151, 152, 153, 154, 155, 156, 157, 158, 159, 163, 164, 165, 166, 167, 169, 170], "excluded_lines": []}, "PowerOffView": {"executed_lines": [], "summary": {"covered_lines": 0, "num_statements": 68, "percent_covered": 0.0, "percent_covered_display": "0", "missing_lines": 68, "excluded_lines": 0}, "missing_lines": [181, 182, 183, 184, 187, 188, 191, 194, 195, 198, 200, 201, 203, 207, 209, 212, 214, 217, 218, 219, 220, 221, 224, 226, 230, 231, 233, 234, 237, 238, 239, 240, 243, 244, 247, 251, 262, 263, 264, 265, 266, 269, 273, 275, 277, 278, 279, 280, 281, 282, 285, 288, 289, 290, 291, 292, 295, 296, 300, 304, 305, 306, 307, 308, 309, 310, 311, 312], "excluded_lines": []}, "LoginView": {"executed_lines": [], "summary": {"covered_lines": 0, "num_statements": 68, "percent_covered": 0.0, "percent_covered_display": "0", "missing_lines": 68, "excluded_lines": 0}, "missing_lines": [317, 318, 319, 320, 322, 324, 325, 327, 330, 331, 333, 334, 336, 337, 339, 340, 342, 344, 347, 348, 351, 352, 354, 355, 356, 359, 361, 363, 364, 366, 367, 370, 372, 374, 376, 377, 378, 380, 384, 389, 393, 396, 398, 399, 401, 404, 405, 407, 408, 412, 417, 418, 421, 422, 426, 429, 430, 431, 434, 440, 444, 447, 448, 449, 452, 455, 456, 458], "excluded_lines": []}, "MainMenuView": {"executed_lines": [], "summary": {"covered_lines": 0, "num_statements": 22, "percent_covered": 0.0, "percent_covered_display": "0", "missing_lines": 22, "excluded_lines": 0}, "missing_lines": [463, 464, 465, 467, 470, 471, 474, 478, 479, 483, 484, 488, 489, 491, 492, 495, 497, 499, 500, 501, 502, 504], "excluded_lines": []}, "ZonesView": {"executed_lines": [], "summary": {"covered_lines": 0, "num_statements": 198, "percent_covered": 0.0, "percent_covered_display": "0", "missing_lines": 198, "excluded_lines": 0}, "missing_lines": [509, 510, 511, 512, 513, 514, 515, 516, 517, 520, 521, 522, 523, 526, 527, 529, 530, 532, 533, 535, 536, 537, 538, 539, 541, 542, 544, 545, 546, 548, 549, 550, 552, 553, 554, 555, 557, 559, 560, 561, 562, 563, 564, 565, 566, 568, 569, 570, 572, 575, 576, 579, 581, 582, 583, 584, 586, 588, 596, 601, 605, 606, 607, 610, 611, 612, 613, 614, 615, 616, 617, 618, 619, 620, 621, 623, 624, 625, 626, 627, 629, 632, 633, 634, 635, 637, 638, 639, 640, 642, 643, 646, 647, 648, 649, 650, 651, 652, 653, 656, 657, 658, 659, 660, 661, 662, 665, 666, 667, 668, 669, 670, 671, 672, 673, 674, 675, 678, 679, 680, 681, 682, 683, 684, 685, 688, 689, 690, 691, 692, 693, 694, 695, 696, 697, 698, 699, 700, 702, 705, 706, 707, 708, 709, 710, 711, 713, 716, 717, 719, 720, 721, 722, 723, 724, 726, 727, 728, 729, 731, 732, 733, 734, 735, 736, 737, 739, 740, 742, 743, 744, 746, 747, 748, 749, 750, 752, 753, 756, 757, 758, 759, 760, 761, 762, 765, 766, 767, 768, 769, 770, 771, 772, 773, 774, 775, 776, 777], "excluded_lines": []}, "ModesView": {"executed_lines": [], "summary": {"covered_lines": 0, "num_statements": 70, "percent_covered": 0.0, "percent_covered_display": "0", "missing_lines": 70, "excluded_lines": 0}, "missing_lines": [782, 783, 784, 786, 787, 788, 789, 791, 792, 794, 795, 796, 798, 799, 801, 803, 804, 805, 807, 808, 809, 810, 811, 812, 813, 814, 816, 817, 820, 822, 823, 824, 825, 827, 832, 835, 836, 837, 838, 841, 842, 843, 844, 845, 846, 847, 848, 850, 851, 852, 853, 855, 856, 857, 858, 861, 862, 863, 864, 865, 867, 870, 871, 872, 873, 874, 876, 877, 878, 879], "excluded_lines": []}, "MonitoringView": {"executed_lines": [], "summary": {"covered_lines": 0, "num_statements": 127, "percent_covered": 0.0, "percent_covered_display": "0", "missing_lines": 127, "excluded_lines": 0}, "missing_lines": [883, 884, 885, 887, 888, 889, 890, 892, 894, 895, 897, 898, 899, 901, 902, 903, 905, 906, 907, 909, 910, 911, 912, 916, 917, 919, 922, 923, 924, 927, 928, 929, 932, 933, 934, 937, 938, 939, 941, 946, 947, 948, 951, 952, 954, 955, 957, 958, 960, 961, 965, 966, 967, 968, 969, 971, 978, 979, 981, 982, 983, 987, 988, 990, 993, 994, 995, 998, 999, 1000, 1003, 1004, 1005, 1007, 1012, 1013, 1014, 1016, 1017, 1018, 1020, 1021, 1022, 1025, 1027, 1028, 1029, 1030, 1031, 1033, 1037, 1038, 1040, 1043, 1044, 1046, 1047, 1048, 1049, 1052, 1053, 1055, 1058, 1064, 1065, 1066, 1067, 1068, 1069, 1070, 1071, 1075, 1076, 1077, 1082, 1083, 1086, 1087, 1088, 1089, 1093, 1094, 1095, 1096, 1097, 1098, 1100], "excluded_lines": []}, "": {"executed_lines": [1, 2, 3, 4, 6, 7, 8, 9, 10, 13, 16, 17, 19, 22, 27, 31, 39, 44, 50, 54, 55, 99, 105, 112, 118, 123, 133, 136, 161, 175, 176, 180, 228, 249, 271, 298, 302, 315, 316, 350, 424, 442, 461, 462, 482, 486, 507, 508, 593, 594, 598, 599, 603, 609, 631, 645, 655, 664, 677, 687, 704, 715, 755, 764, 780, 781, 829, 830, 834, 840, 860, 869, 881, 882, 914, 944, 963, 985, 1010, 1035, 1062, 1073, 1085, 1091], "summary": {"covered_lines": 82, "num_statements": 82, "percent_covered": 100.0, "percent_covered_display": "100", "missing_lines": 0, "excluded_lines": 0}, "missing_lines": [], "excluded_lines": []}}}, "utils\\__init__.py": {"executed_lines": [1], "summary": {"covered_lines": 0, "num_statements": 0, "percent_covered": 100.0, "percent_covered_display": "100", "missing_lines": 0, "excluded_lines": 0}, "missing_lines": [], "excluded_lines": [], "functions": {"": {"executed_lines": [], "summary": {"covered_lines": 0, "num_statements": 0, "percent_covered": 100.0, "percent_covered_display": "100", "missing_lines": 0, "excluded_lines": 0}, "missing_lines": [], "excluded_lines": []}}, "classes": {"": {"executed_lines": [], "summary": {"covered_lines": 0, "num_statements": 0, "percent_covered": 100.0, "percent_covered_display": "100", "missing_lines": 0, "excluded_lines": 0}, "missing_lines": [], "excluded_lines": []}}}, "utils\\constants.py": {"executed_lines": [4, 5, 6, 9, 10, 11, 14, 15, 16, 17, 18, 19, 22], "summary": {"covered_lines": 13, "num_statements": 13, "percent_covered": 100.0, "percent_covered_display": "100", "missing_lines": 0, "excluded_lines": 0}, "missing_lines": [], "excluded_lines": [], "functions": {"": {"executed_lines": [4, 5, 6, 9, 10, 11, 14, 15, 16, 17, 18, 19, 22], "summary": {"covered_lines": 13, "num_statements": 13, "percent_covered": 100.0, "percent_covered_display": "100", "missing_lines": 0, "excluded_lines": 0}, "missing_lines": [], "excluded_lines": []}}, "classes": {"": {"executed_lines": [4, 5, 6, 9, 10, 11, 14, 15, 16, 17, 18, 19, 22], "summary": {"covered_lines": 13, "num_statements": 13, "percent_covered": 100.0, "percent_covered_display": "100", "missing_lines": 0, "excluded_lines": 0}, "missing_lines": [], "excluded_lines": []}}}, "virtual_device_v3\\device\\__init__.py": {"executed_lines": [1], "summary": {"covered_lines": 0, "num_statements": 0, "percent_covered": 100.0, "percent_covered_display": "100", "missing_lines": 0, "excluded_lines": 0}, "missing_lines": [], "excluded_lines": [], "functions": {"": {"executed_lines": [], "summary": {"covered_lines": 0, "num_statements": 0, "percent_covered": 100.0, "percent_covered_display": "100", "missing_lines": 0, "excluded_lines": 0}, "missing_lines": [], "excluded_lines": []}}, "classes": {"": {"executed_lines": [], "summary": {"covered_lines": 0, "num_statements": 0, "percent_covered": 100.0, "percent_covered_display": "100", "missing_lines": 0, "excluded_lines": 0}, "missing_lines": [], "excluded_lines": []}}}, "virtual_device_v3\\device\\device_camera.py": {"executed_lines": [1, 2, 3, 4, 5, 6, 9, 11, 12, 14, 15, 17, 18, 19, 20, 21, 22, 23, 24, 25, 27, 29, 31, 33, 34, 35, 37, 38, 39, 40, 41, 42, 43, 44, 47, 49, 53, 55, 57, 58, 59, 60, 62, 64, 65, 70, 72, 74, 75, 77, 78, 79, 80, 83, 84, 85, 86, 91, 94, 95, 96, 99, 100, 101, 108, 109, 110, 112, 114, 116, 117, 118, 119, 120, 121, 123, 125, 126, 127, 128, 129, 130, 132, 134, 135, 136, 137, 138, 139, 141, 143, 144, 145, 148, 150, 152, 153, 154, 157, 159, 160, 161, 164, 166, 168], "summary": {"covered_lines": 105, "num_statements": 117, "percent_covered": 89.74358974358974, "percent_covered_display": "90", "missing_lines": 12, "excluded_lines": 0}, "missing_lines": [45, 46, 51, 63, 67, 87, 89, 146, 147, 155, 162, 163], "excluded_lines": [], "functions": {"DeviceCamera.__init__": {"executed_lines": [15, 17, 18, 19, 20, 21, 22, 23, 24, 25, 27, 29], "summary": {"covered_lines": 12, "num_statements": 12, "percent_covered": 100.0, "percent_covered_display": "100", "missing_lines": 0, "excluded_lines": 0}, "missing_lines": [], "excluded_lines": []}, "DeviceCamera.set_id": {"executed_lines": [33, 34, 35, 37, 38, 39, 40, 41, 42, 43, 44, 47], "summary": {"covered_lines": 12, "num_statements": 14, "percent_covered": 85.71428571428571, "percent_covered_display": "86", "missing_lines": 2, "excluded_lines": 0}, "missing_lines": [45, 46], "excluded_lines": []}, "DeviceCamera.get_id": {"executed_lines": [], "summary": {"covered_lines": 0, "num_statements": 1, "percent_covered": 0.0, "percent_covered_display": "0", "missing_lines": 1, "excluded_lines": 0}, "missing_lines": [51], "excluded_lines": []}, "DeviceCamera.get_view": {"executed_lines": [55, 57, 58, 59, 60, 62, 64, 65, 70, 72, 74, 75, 77, 78, 79, 80, 83, 84, 85, 86, 91, 94, 95, 96, 99, 100, 101, 108, 109, 110, 112], "summary": {"covered_lines": 31, "num_statements": 35, "percent_covered": 88.57142857142857, "percent_covered_display": "89", "missing_lines": 4, "excluded_lines": 0}, "missing_lines": [63, 67, 87, 89], "excluded_lines": []}, "DeviceCamera.pan_right": {"executed_lines": [116, 117, 118, 119, 120, 121], "summary": {"covered_lines": 6, "num_statements": 6, "percent_covered": 100.0, "percent_covered_display": "100", "missing_lines": 0, "excluded_lines": 0}, "missing_lines": [], "excluded_lines": []}, "DeviceCamera.pan_left": {"executed_lines": [125, 126, 127, 128, 129, 130], "summary": {"covered_lines": 6, "num_statements": 6, "percent_covered": 100.0, "percent_covered_display": "100", "missing_lines": 0, "excluded_lines": 0}, "missing_lines": [], "excluded_lines": []}, "DeviceCamera.zoom_in": {"executed_lines": [134, 135, 136, 137, 138, 139], "summary": {"covered_lines": 6, "num_statements": 6, "percent_covered": 100.0, "percent_covered_display": "100", "missing_lines": 0, "excluded_lines": 0}, "missing_lines": [], "excluded_lines": []}, "DeviceCamera.zoom_out": {"executed_lines": [143, 144, 145, 148], "summary": {"covered_lines": 4, "num_statements": 6, "percent_covered": 66.66666666666667, "percent_covered_display": "67", "missing_lines": 2, "excluded_lines": 0}, "missing_lines": [146, 147], "excluded_lines": []}, "DeviceCamera._tick": {"executed_lines": [152, 153, 154], "summary": {"covered_lines": 3, "num_statements": 4, "percent_covered": 75.0, "percent_covered_display": "75", "missing_lines": 1, "excluded_lines": 0}, "missing_lines": [155], "excluded_lines": []}, "DeviceCamera.run": {"executed_lines": [159, 160, 161, 164], "summary": {"covered_lines": 4, "num_statements": 6, "percent_covered": 66.66666666666667, "percent_covered_display": "67", "missing_lines": 2, "excluded_lines": 0}, "missing_lines": [162, 163], "excluded_lines": []}, "DeviceCamera.stop": {"executed_lines": [168], "summary": {"covered_lines": 1, "num_statements": 1, "percent_covered": 100.0, "percent_covered_display": "100", "missing_lines": 0, "excluded_lines": 0}, "missing_lines": [], "excluded_lines": []}, "": {"executed_lines": [1, 2, 3, 4, 5, 6, 9, 11, 12, 14, 31, 49, 53, 114, 123, 132, 141, 150, 157, 166], "summary": {"covered_lines": 20, "num_statements": 20, "percent_covered": 100.0, "percent_covered_display": "100", "missing_lines": 0, "excluded_lines": 0}, "missing_lines": [], "excluded_lines": []}}, "classes": {"DeviceCamera": {"executed_lines": [15, 17, 18, 19, 20, 21, 22, 23, 24, 25, 27, 29, 33, 34, 35, 37, 38, 39, 40, 41, 42, 43, 44, 47, 55, 57, 58, 59, 60, 62, 64, 65, 70, 72, 74, 75, 77, 78, 79, 80, 83, 84, 85, 86, 91, 94, 95, 96, 99, 100, 101, 108, 109, 110, 112, 116, 117, 118, 119, 120, 121, 125, 126, 127, 128, 129, 130, 134, 135, 136, 137, 138, 139, 143, 144, 145, 148, 152, 153, 154, 159, 160, 161, 164, 168], "summary": {"covered_lines": 85, "num_statements": 97, "percent_covered": 87.62886597938144, "percent_covered_display": "88", "missing_lines": 12, "excluded_lines": 0}, "missing_lines": [45, 46, 51, 63, 67, 87, 89, 146, 147, 155, 162, 163], "excluded_lines": []}, "": {"executed_lines": [1, 2, 3, 4, 5, 6, 9, 11, 12, 14, 31, 49, 53, 114, 123, 132, 141, 150, 157, 166], "summary": {"covered_lines": 20, "num_statements": 20, "percent_covered": 100.0, "percent_covered_display": "100", "missing_lines": 0, "excluded_lines": 0}, "missing_lines": [], "excluded_lines": []}}}, "virtual_device_v3\\device\\interface_camera.py": {"executed_lines": [1, 4, 5, 7, 8, 12, 13, 17, 18, 22, 23, 27, 28, 32, 33, 37, 38], "summary": {"covered_lines": 16, "num_statements": 23, "percent_covered": 69.56521739130434, "percent_covered_display": "70", "missing_lines": 7, "excluded_lines": 0}, "missing_lines": [10, 15, 20, 25, 30, 35, 40], "excluded_lines": [], "functions": {"InterfaceCamera.set_id": {"executed_lines": [], "summary": {"covered_lines": 0, "num_statements": 1, "percent_covered": 0.0, "percent_covered_display": "0", "missing_lines": 1, "excluded_lines": 0}, "missing_lines": [10], "excluded_lines": []}, "InterfaceCamera.get_id": {"executed_lines": [], "summary": {"covered_lines": 0, "num_statements": 1, "percent_covered": 0.0, "percent_covered_display": "0", "missing_lines": 1, "excluded_lines": 0}, "missing_lines": [15], "excluded_lines": []}, "InterfaceCamera.get_view": {"executed_lines": [], "summary": {"covered_lines": 0, "num_statements": 1, "percent_covered": 0.0, "percent_covered_display": "0", "missing_lines": 1, "excluded_lines": 0}, "missing_lines": [20], "excluded_lines": []}, "InterfaceCamera.pan_right": {"executed_lines": [], "summary": {"covered_lines": 0, "num_statements": 1, "percent_covered": 0.0, "percent_covered_display": "0", "missing_lines": 1, "excluded_lines": 0}, "missing_lines": [25], "excluded_lines": []}, "InterfaceCamera.pan_left": {"executed_lines": [], "summary": {"covered_lines": 0, "num_statements": 1, "percent_covered": 0.0, "percent_covered_display": "0", "missing_lines": 1, "excluded_lines": 0}, "missing_lines": [30], "excluded_lines": []}, "InterfaceCamera.zoom_in": {"executed_lines": [], "summary": {"covered_lines": 0, "num_statements": 1, "percent_covered": 0.0, "percent_covered_display": "0", "missing_lines": 1, "excluded_lines": 0}, "missing_lines": [35], "excluded_lines": []}, "InterfaceCamera.zoom_out": {"executed_lines": [], "summary": {"covered_lines": 0, "num_statements": 1, "percent_covered": 0.0, "percent_covered_display": "0", "missing_lines": 1, "excluded_lines": 0}, "missing_lines": [40], "excluded_lines": []}, "": {"executed_lines": [1, 4, 5, 7, 8, 12, 13, 17, 18, 22, 23, 27, 28, 32, 33, 37, 38], "summary": {"covered_lines": 16, "num_statements": 16, "percent_covered": 100.0, "percent_covered_display": "100", "missing_lines": 0, "excluded_lines": 0}, "missing_lines": [], "excluded_lines": []}}, "classes": {"InterfaceCamera": {"executed_lines": [], "summary": {"covered_lines": 0, "num_statements": 7, "percent_covered": 0.0, "percent_covered_display": "0", "missing_lines": 7, "excluded_lines": 0}, "missing_lines": [10, 15, 20, 25, 30, 35, 40], "excluded_lines": []}, "": {"executed_lines": [1, 4, 5, 7, 8, 12, 13, 17, 18, 22, 23, 27, 28, 32, 33, 37, 38], "summary": {"covered_lines": 16, "num_statements": 16, "percent_covered": 100.0, "percent_covered_display": "100", "missing_lines": 0, "excluded_lines": 0}, "missing_lines": [], "excluded_lines": []}}}, "virtual_device_v3\\device\\safehome_sensor_test.py": {"executed_lines": [1, 2, 5, 7, 72, 99, 127], "summary": {"covered_lines": 7, "num_statements": 81, "percent_covered": 8.641975308641975, "percent_covered_display": "9", "missing_lines": 74, "excluded_lines": 0}, "missing_lines": [8, 9, 10, 11, 12, 15, 16, 19, 20, 21, 22, 24, 26, 27, 29, 31, 33, 35, 37, 39, 42, 43, 46, 47, 48, 49, 51, 53, 54, 56, 58, 60, 62, 64, 66, 69, 70, 74, 76, 77, 78, 80, 81, 82, 84, 87, 88, 89, 91, 92, 94, 95, 97, 101, 103, 104, 105, 107, 108, 109, 111, 114, 115, 116, 118, 119, 121, 122, 124, 129, 130, 132, 133, 134], "excluded_lines": [], "functions": {"SafeHomeSensorTest.__init__": {"executed_lines": [], "summary": {"covered_lines": 0, "num_statements": 37, "percent_covered": 0.0, "percent_covered_display": "0", "missing_lines": 37, "excluded_lines": 0}, "missing_lines": [8, 9, 10, 11, 12, 15, 16, 19, 20, 21, 22, 24, 26, 27, 29, 31, 33, 35, 37, 39, 42, 43, 46, 47, 48, 49, 51, 53, 54, 56, 58, 60, 62, 64, 66, 69, 70], "excluded_lines": []}, "SafeHomeSensorTest.handle_windoor_action": {"executed_lines": [], "summary": {"covered_lines": 0, "num_statements": 16, "percent_covered": 0.0, "percent_covered_display": "0", "missing_lines": 16, "excluded_lines": 0}, "missing_lines": [74, 76, 77, 78, 80, 81, 82, 84, 87, 88, 89, 91, 92, 94, 95, 97], "excluded_lines": []}, "SafeHomeSensorTest.handle_motion_action": {"executed_lines": [], "summary": {"covered_lines": 0, "num_statements": 16, "percent_covered": 0.0, "percent_covered_display": "0", "missing_lines": 16, "excluded_lines": 0}, "missing_lines": [101, 103, 104, 105, 107, 108, 109, 111, 114, 115, 116, 118, 119, 121, 122, 124], "excluded_lines": []}, "": {"executed_lines": [1, 2, 5, 7, 72, 99, 127], "summary": {"covered_lines": 7, "num_statements": 12, "percent_covered": 58.333333333333336, "percent_covered_display": "58", "missing_lines": 5, "excluded_lines": 0}, "missing_lines": [129, 130, 132, 133, 134], "excluded_lines": []}}, "classes": {"SafeHomeSensorTest": {"executed_lines": [], "summary": {"covered_lines": 0, "num_statements": 69, "percent_covered": 0.0, "percent_covered_display": "0", "missing_lines": 69, "excluded_lines": 0}, "missing_lines": [8, 9, 10, 11, 12, 15, 16, 19, 20, 21, 22, 24, 26, 27, 29, 31, 33, 35, 37, 39, 42, 43, 46, 47, 48, 49, 51, 53, 54, 56, 58, 60, 62, 64, 66, 69, 70, 74, 76, 77, 78, 80, 81, 82, 84, 87, 88, 89, 91, 92, 94, 95, 97, 101, 103, 104, 105, 107, 108, 109, 111, 114, 115, 116, 118, 119, 121, 122, 124], "excluded_lines": []}, "": {"executed_lines": [1, 2, 5, 7, 72, 99, 127], "summary": {"covered_lines": 7, "num_statements": 12, "percent_covered": 58.333333333333336, "percent_covered_display": "58", "missing_lines": 5, "excluded_lines": 0}, "missing_lines": [129, 130, 132, 133, 134], "excluded_lines": []}}}}, "totals": {"covered_lines": 4572, "num_statements": 6499, "percent_covered": 70.3492845053085, "percent_covered_display": "70", "missing_lines": 1927, "excluded_lines": 12}}